{"logTime": "0505/122201", "correlationVector":"KG8lSwzOtvH/PO5VwM6azQ.83","action":"GetUpdates", "result":"DeleteReceived", "context":{"id":"298bfd8a-28a4-409f-b52d-fa4b3bf09246", "isDeleted:":"true", "version":"1677521205810"}}
{"logTime": "0505/122201", "correlationVector":"KG8lSwzOtvH/PO5VwM6azQ.84","action":"GetUpdates", "result":"DeleteReceived", "context":{"id":"b7436c96-3264-4de8-88d8-df8aca41cdd5", "isDeleted:":"true", "version":"1677554027865"}}
{"logTime": "0505/122201", "correlationVector":"KG8lSwzOtvH/PO5VwM6azQ.85","action":"GetUpdates", "result":"DeleteReceived", "context":{"id":"98cc3f6c-f329-470c-b15e-f68e56b233e8", "isDeleted:":"true", "version":"1677554027867"}}
{"logTime": "0505/122201", "correlationVector":"KG8lSwzOtvH/PO5VwM6azQ.86","action":"GetUpdates", "result":"DeleteReceived", "context":{"id":"88b27481-b03b-4282-839a-4e700c5fe1f4", "isDeleted:":"true", "version":"1677556346002"}}
{"logTime": "0505/122201", "correlationVector":"KG8lSwzOtvH/PO5VwM6azQ.87","action":"GetUpdates", "result":"DeleteReceived", "context":{"id":"32f8ebb8-56e6-483d-9014-ff35b5cee2bb", "isDeleted:":"true", "version":"1677589128574"}}
{"logTime": "0505/122201", "correlationVector":"KG8lSwzOtvH/PO5VwM6azQ.88","action":"GetUpdates", "result":"DeleteReceived", "context":{"id":"5370d7aa-d9ca-440d-b02f-d34cc196dbbf", "isDeleted:":"true", "version":"1677589425119"}}
{"logTime": "0505/122201", "correlationVector":"KG8lSwzOtvH/PO5VwM6azQ.89","action":"GetUpdates", "result":"DeleteReceived", "context":{"id":"04022e8c-747d-4668-b8de-a3ba8e40d58f", "isDeleted:":"true", "version":"1677590171473"}}
{"logTime": "0505/122201", "correlationVector":"KG8lSwzOtvH/PO5VwM6azQ.90","action":"GetUpdates", "result":"DeleteReceived", "context":{"id":"ef246a9a-8863-40e9-9dc2-1910a7fb4bbb", "isDeleted:":"true", "version":"1677598524861"}}
{"logTime": "0505/122201", "correlationVector":"KG8lSwzOtvH/PO5VwM6azQ.91","action":"GetUpdates", "result":"DeleteReceived", "context":{"id":"d59d7fdd-18ee-4e94-b441-5b7f7e5a2c8d", "isDeleted:":"true", "version":"1677605033012"}}
{"logTime": "0505/122201", "correlationVector":"KG8lSwzOtvH/PO5VwM6azQ.92","action":"GetUpdates", "result":"DeleteReceived", "context":{"id":"e6b3e7b5-c258-4158-9e96-d816bb6ecdd9", "isDeleted:":"true", "version":"1677608160270"}}
{"logTime": "0505/122201", "correlationVector":"KG8lSwzOtvH/PO5VwM6azQ.93","action":"GetUpdates", "result":"DeleteReceived", "context":{"id":"10999399-c438-4229-bdd5-38e6fd4167ee", "isDeleted:":"true", "version":"1677608160272"}}
{"logTime": "0505/122201", "correlationVector":"KG8lSwzOtvH/PO5VwM6azQ.94","action":"GetUpdates", "result":"DeleteReceived", "context":{"id":"a1bdaf81-8988-4d4d-bc4b-cca67c187890", "isDeleted:":"true", "version":"1677669574182"}}
{"logTime": "0505/122201", "correlationVector":"KG8lSwzOtvH/PO5VwM6azQ.95","action":"GetUpdates", "result":"DeleteReceived", "context":{"id":"b878da2f-6cef-4eb9-ad23-834ce258d5e0", "isDeleted:":"true", "version":"1677671253973"}}
{"logTime": "0505/122201", "correlationVector":"KG8lSwzOtvH/PO5VwM6azQ.96","action":"GetUpdates", "result":"DeleteReceived", "context":{"id":"292a8165-6544-43c6-8ec5-ebb577ecbcf9", "isDeleted:":"true", "version":"1677675913653"}}
{"logTime": "0505/122201", "correlationVector":"KG8lSwzOtvH/PO5VwM6azQ.97","action":"GetUpdates", "result":"DeleteReceived", "context":{"id":"ba869d33-7a60-45bb-aedf-6464cc08e64e", "isDeleted:":"true", "version":"1677675962192"}}
{"logTime": "0505/122201", "correlationVector":"KG8lSwzOtvH/PO5VwM6azQ.98","action":"GetUpdates", "result":"DeleteReceived", "context":{"id":"7a6c8ee2-33b2-4030-ada7-1635e1140a3c", "isDeleted:":"true", "version":"1677687181609"}}
{"logTime": "0505/122201", "correlationVector":"KG8lSwzOtvH/PO5VwM6azQ.99","action":"GetUpdates", "result":"DeleteReceived", "context":{"id":"e0e3a26f-6e02-4e19-85cb-3f4711168704", "isDeleted:":"true", "version":"1677687444182"}}
{"logTime": "0505/122201", "correlationVector":"KG8lSwzOtvH/PO5VwM6azQ.100","action":"GetUpdates", "result":"DeleteReceived", "context":{"id":"1e0eecc9-ee5c-4459-9207-5e41693a4518", "isDeleted:":"true", "version":"1677693106218"}}
{"logTime": "0505/122201", "correlationVector":"KG8lSwzOtvH/PO5VwM6azQ.101","action":"GetUpdates", "result":"DeleteReceived", "context":{"id":"3439800a-83b9-438c-b3e4-de8884b6eeef", "isDeleted:":"true", "version":"1677693106220"}}
{"logTime": "0505/122201", "correlationVector":"KG8lSwzOtvH/PO5VwM6azQ.102","action":"GetUpdates", "result":"DeleteReceived", "context":{"id":"48a512d3-743b-4738-96ad-580d86fcedeb", "isDeleted:":"true", "version":"1677693106221"}}
{"logTime": "0505/122201", "correlationVector":"KG8lSwzOtvH/PO5VwM6azQ.103","action":"GetUpdates", "result":"DeleteReceived", "context":{"id":"c67aef19-d9d0-4c55-9522-8d947a914983", "isDeleted:":"true", "version":"1677735052414"}}
{"logTime": "0505/122201", "correlationVector":"KG8lSwzOtvH/PO5VwM6azQ.104","action":"GetUpdates", "result":"DeleteReceived", "context":{"id":"53215eb5-2a4a-4335-b36a-8f3ad1a6b0e4", "isDeleted:":"true", "version":"1677735052416"}}
{"logTime": "0505/122201", "correlationVector":"KG8lSwzOtvH/PO5VwM6azQ.105","action":"GetUpdates", "result":"DeleteReceived", "context":{"id":"78ee303b-7ace-4460-aadb-0f71c377b1db", "isDeleted:":"true", "version":"1677735235068"}}
{"logTime": "0505/122201", "correlationVector":"KG8lSwzOtvH/PO5VwM6azQ.106","action":"GetUpdates", "result":"DeleteReceived", "context":{"id":"6b560cbd-ee2a-4214-a71b-00efee3f2f62", "isDeleted:":"true", "version":"1677752466191"}}
{"logTime": "0505/122201", "correlationVector":"KG8lSwzOtvH/PO5VwM6azQ.107","action":"GetUpdates", "result":"DeleteReceived", "context":{"id":"20f027bc-7159-49f8-bf2f-3f9ed677de81", "isDeleted:":"true", "version":"1677752767695"}}
{"logTime": "0505/122201", "correlationVector":"KG8lSwzOtvH/PO5VwM6azQ.108","action":"GetUpdates", "result":"DeleteReceived", "context":{"id":"9cc194bd-9234-4ee3-a08f-76bc426dea79", "isDeleted:":"true", "version":"1677753380393"}}
{"logTime": "0505/122201", "correlationVector":"KG8lSwzOtvH/PO5VwM6azQ.109","action":"GetUpdates", "result":"DeleteReceived", "context":{"id":"85d72954-ac92-4a0e-a418-b1dc73324133", "isDeleted:":"true", "version":"1677753380396"}}
{"logTime": "0505/122201", "correlationVector":"KG8lSwzOtvH/PO5VwM6azQ.110","action":"GetUpdates", "result":"DeleteReceived", "context":{"id":"b4efbb7d-803b-4dc3-915f-9e74bace4af4", "isDeleted:":"true", "version":"1677753661895"}}
{"logTime": "0505/122201", "correlationVector":"KG8lSwzOtvH/PO5VwM6azQ.111","action":"GetUpdates", "result":"DeleteReceived", "context":{"id":"75d4a9bf-cc1a-4feb-8573-8a51ab7553d6", "isDeleted:":"true", "version":"1677754330611"}}
{"logTime": "0505/122201", "correlationVector":"KG8lSwzOtvH/PO5VwM6azQ.112","action":"GetUpdates", "result":"DeleteReceived", "context":{"id":"689836b3-c70f-4b57-b4df-290c7834693d", "isDeleted:":"true", "version":"1677761893409"}}
{"logTime": "0505/122201", "correlationVector":"KG8lSwzOtvH/PO5VwM6azQ.113","action":"GetUpdates", "result":"DeleteReceived", "context":{"id":"65991d0e-e5b9-48b3-9c03-5c7f2a14899d", "isDeleted:":"true", "version":"1677773119936"}}
{"logTime": "0505/122201", "correlationVector":"KG8lSwzOtvH/PO5VwM6azQ.114","action":"GetUpdates", "result":"DeleteReceived", "context":{"id":"4451743d-aa8c-4e8d-94ad-48be7bb729c3", "isDeleted:":"true", "version":"1677774134468"}}
{"logTime": "0505/122201", "correlationVector":"KG8lSwzOtvH/PO5VwM6azQ.115","action":"GetUpdates", "result":"DeleteReceived", "context":{"id":"f9ad3fa0-17a4-4839-a4cd-e638c05626e1", "isDeleted:":"true", "version":"1677774134470"}}
{"logTime": "0505/122201", "correlationVector":"KG8lSwzOtvH/PO5VwM6azQ.116","action":"GetUpdates", "result":"DeleteReceived", "context":{"id":"344d260f-9c04-408b-8ff9-d791d45f2d6e", "isDeleted:":"true", "version":"1677780183245"}}
{"logTime": "0505/122201", "correlationVector":"KG8lSwzOtvH/PO5VwM6azQ.117","action":"GetUpdates", "result":"DeleteReceived", "context":{"id":"704bf613-5825-4a09-9f2e-42e99c9c08c6", "isDeleted:":"true", "version":"1677780470726"}}
{"logTime": "0505/122201", "correlationVector":"KG8lSwzOtvH/PO5VwM6azQ.118","action":"GetUpdates", "result":"DeleteReceived", "context":{"id":"e19ff37c-3504-476a-8000-b3bae5f7a2bd", "isDeleted:":"true", "version":"1677822355576"}}
{"logTime": "0505/122201", "correlationVector":"KG8lSwzOtvH/PO5VwM6azQ.119","action":"GetUpdates", "result":"DeleteReceived", "context":{"id":"46b1290b-e8a5-4871-90aa-237dbc098fc5", "isDeleted:":"true", "version":"1677840693179"}}
{"logTime": "0505/122201", "correlationVector":"KG8lSwzOtvH/PO5VwM6azQ.120","action":"GetUpdates", "result":"DeleteReceived", "context":{"id":"513d4664-3d20-4a55-b137-96c61db45ee1", "isDeleted:":"true", "version":"1677854780177"}}
{"logTime": "0505/122201", "correlationVector":"KG8lSwzOtvH/PO5VwM6azQ.121","action":"GetUpdates", "result":"DeleteReceived", "context":{"id":"703a136b-6059-4700-8b5a-8b817f31243f", "isDeleted:":"true", "version":"1677854780179"}}
{"logTime": "0505/122201", "correlationVector":"KG8lSwzOtvH/PO5VwM6azQ.122","action":"GetUpdates", "result":"DeleteReceived", "context":{"id":"b0b152c6-72d1-41c2-b8d3-03e0b2d4fb65", "isDeleted:":"true", "version":"1677860372348"}}
{"logTime": "0505/122201", "correlationVector":"KG8lSwzOtvH/PO5VwM6azQ.123","action":"GetUpdates", "result":"DeleteReceived", "context":{"id":"e93d687f-9e99-43dd-9778-57e0f1711155", "isDeleted:":"true", "version":"1677873738995"}}
{"logTime": "0505/122201", "correlationVector":"KG8lSwzOtvH/PO5VwM6azQ.124","action":"GetUpdates", "result":"DeleteReceived", "context":{"id":"7932fc0f-0088-4d8a-9d2e-e0b25c6c7f61", "isDeleted:":"true", "version":"1677953016924"}}
{"logTime": "0505/122201", "correlationVector":"KG8lSwzOtvH/PO5VwM6azQ.125","action":"GetUpdates", "result":"DeleteReceived", "context":{"id":"f2c97aae-76c5-493c-a977-12ed707657ad", "isDeleted:":"true", "version":"1677954722701"}}
{"logTime": "0505/122201", "correlationVector":"KG8lSwzOtvH/PO5VwM6azQ.126","action":"GetUpdates", "result":"DeleteReceived", "context":{"id":"950c90c5-3264-437f-b759-3eeeb43e0702", "isDeleted:":"true", "version":"1678087381981"}}
{"logTime": "0505/122201", "correlationVector":"KG8lSwzOtvH/PO5VwM6azQ.127","action":"GetUpdates", "result":"DeleteReceived", "context":{"id":"b7a59db4-d264-4411-9fce-69cb4ac34b71", "isDeleted:":"true", "version":"1678087414418"}}
{"logTime": "0505/122201", "correlationVector":"KG8lSwzOtvH/PO5VwM6azQ.128","action":"GetUpdates", "result":"DeleteReceived", "context":{"id":"eec17fd4-7133-436f-be5e-9c4944a7e1ee", "isDeleted:":"true", "version":"1678097643470"}}
{"logTime": "0505/122201", "correlationVector":"KG8lSwzOtvH/PO5VwM6azQ.129","action":"GetUpdates", "result":"DeleteReceived", "context":{"id":"78132904-3fed-4bab-9ca8-3e3ecb09621c", "isDeleted:":"true", "version":"1678122280878"}}
{"logTime": "0505/122201", "correlationVector":"KG8lSwzOtvH/PO5VwM6azQ.130","action":"GetUpdates", "result":"DeleteReceived", "context":{"id":"a642d713-600f-4da5-86af-c63865b94a3c", "isDeleted:":"true", "version":"1678122280880"}}
{"logTime": "0505/122201", "correlationVector":"KG8lSwzOtvH/PO5VwM6azQ.131","action":"GetUpdates", "result":"DeleteReceived", "context":{"id":"a93316c3-e39c-45e0-b3ee-1691101307b5", "isDeleted:":"true", "version":"1678126934982"}}
{"logTime": "0505/122201", "correlationVector":"KG8lSwzOtvH/PO5VwM6azQ.132","action":"GetUpdates", "result":"DeleteReceived", "context":{"id":"30b3d614-e2f7-43af-98b0-2ddad2920a5b", "isDeleted:":"true", "version":"1678190014016"}}
{"logTime": "0505/122201", "correlationVector":"KG8lSwzOtvH/PO5VwM6azQ.133","action":"GetUpdates", "result":"DeleteReceived", "context":{"id":"d11e695b-5245-4e3e-bfcd-74416805c6c9", "isDeleted:":"true", "version":"1678191406386"}}
{"logTime": "0505/122201", "correlationVector":"KG8lSwzOtvH/PO5VwM6azQ.134","action":"GetUpdates", "result":"DeleteReceived", "context":{"id":"b6c2e64a-d05b-4f9b-a45a-a2dfa2320d00", "isDeleted:":"true", "version":"1678213343764"}}
{"logTime": "0505/122201", "correlationVector":"KG8lSwzOtvH/PO5VwM6azQ.135","action":"GetUpdates", "result":"DeleteReceived", "context":{"id":"ee28c7e7-9fe7-449e-abc9-a25a867814f3", "isDeleted:":"true", "version":"1678253295145"}}
{"logTime": "0505/122201", "correlationVector":"KG8lSwzOtvH/PO5VwM6azQ.136","action":"GetUpdates", "result":"DeleteReceived", "context":{"id":"660596d9-0280-452a-9e79-eb33a3456140", "isDeleted:":"true", "version":"1678263610321"}}
{"logTime": "0505/122201", "correlationVector":"KG8lSwzOtvH/PO5VwM6azQ.137","action":"GetUpdates", "result":"DeleteReceived", "context":{"id":"b280189c-2114-4664-872b-103cc86a34ef", "isDeleted:":"true", "version":"1678267037788"}}
{"logTime": "0505/122201", "correlationVector":"KG8lSwzOtvH/PO5VwM6azQ.138","action":"GetUpdates", "result":"DeleteReceived", "context":{"id":"4a3f8c6c-7224-4f20-9765-14d972c6a412", "isDeleted:":"true", "version":"1678273412663"}}
{"logTime": "0505/122201", "correlationVector":"KG8lSwzOtvH/PO5VwM6azQ.139","action":"GetUpdates", "result":"DeleteReceived", "context":{"id":"38a127e2-0f1d-4ba1-8a63-75be036087cc", "isDeleted:":"true", "version":"1678299685059"}}
{"logTime": "0505/122201", "correlationVector":"KG8lSwzOtvH/PO5VwM6azQ.140","action":"GetUpdates", "result":"DeleteReceived", "context":{"id":"8610795d-e0bb-4c9e-942a-dddfda0cfbc6", "isDeleted:":"true", "version":"1678299685060"}}
{"logTime": "0505/122201", "correlationVector":"KG8lSwzOtvH/PO5VwM6azQ.141","action":"GetUpdates", "result":"DeleteReceived", "context":{"id":"61331a32-efc0-4487-8d82-f06ca5e57492", "isDeleted:":"true", "version":"1678299685062"}}
{"logTime": "0505/122201", "correlationVector":"KG8lSwzOtvH/PO5VwM6azQ.142","action":"GetUpdates", "result":"DeleteReceived", "context":{"id":"b5dcab67-d264-4b27-8dd8-3501251ad6e9", "isDeleted:":"true", "version":"1678299685063"}}
{"logTime": "0505/122201", "correlationVector":"KG8lSwzOtvH/PO5VwM6azQ.143","action":"GetUpdates", "result":"DeleteReceived", "context":{"id":"340a9ec9-f431-40f4-8958-f4d50bb8d05e", "isDeleted:":"true", "version":"1678384235339"}}
{"logTime": "0505/122201", "correlationVector":"KG8lSwzOtvH/PO5VwM6azQ.144","action":"GetUpdates", "result":"DeleteReceived", "context":{"id":"2e60054f-eff1-45b0-904c-645f9e6524d1", "isDeleted:":"true", "version":"1678386363272"}}
{"logTime": "0505/122201", "correlationVector":"KG8lSwzOtvH/PO5VwM6azQ.145","action":"GetUpdates", "result":"DeleteReceived", "context":{"id":"0c5a9367-9249-4362-a374-54e6430b0acc", "isDeleted:":"true", "version":"1678429228514"}}
{"logTime": "0505/122201", "correlationVector":"KG8lSwzOtvH/PO5VwM6azQ.146","action":"GetUpdates", "result":"DeleteReceived", "context":{"id":"4c1407b7-13ff-44d4-aa19-db82c80420b1", "isDeleted:":"true", "version":"1678430603799"}}
{"logTime": "0505/122201", "correlationVector":"KG8lSwzOtvH/PO5VwM6azQ.147","action":"GetUpdates", "result":"DeleteReceived", "context":{"id":"2d21b093-c5e8-4312-a553-2152fa68c5b9", "isDeleted:":"true", "version":"1678443821073"}}
{"logTime": "0505/122201", "correlationVector":"KG8lSwzOtvH/PO5VwM6azQ.148","action":"GetUpdates", "result":"DeleteReceived", "context":{"id":"b3db6e7d-610d-4aff-ba4c-18ed731a6827", "isDeleted:":"true", "version":"1678451012669"}}
{"logTime": "0505/122201", "correlationVector":"KG8lSwzOtvH/PO5VwM6azQ.149","action":"GetUpdates", "result":"DeleteReceived", "context":{"id":"d1296c99-d8a7-45ab-8d3c-33fcf97bdad1", "isDeleted:":"true", "version":"1678454020116"}}
{"logTime": "0505/122201", "correlationVector":"KG8lSwzOtvH/PO5VwM6azQ.150","action":"GetUpdates", "result":"DeleteReceived", "context":{"id":"c566d62e-ff51-4471-84bb-6f76324f16bb", "isDeleted:":"true", "version":"1678454020118"}}
{"logTime": "0505/122201", "correlationVector":"KG8lSwzOtvH/PO5VwM6azQ.151","action":"GetUpdates", "result":"DeleteReceived", "context":{"id":"c2a7adfa-502c-46eb-9348-f5fdd2276e90", "isDeleted:":"true", "version":"1678457657429"}}
{"logTime": "0505/122201", "correlationVector":"KG8lSwzOtvH/PO5VwM6azQ.152","action":"GetUpdates", "result":"DeleteReceived", "context":{"id":"92482e57-18d2-4099-9653-4a9fa0ad20e4", "isDeleted:":"true", "version":"1678457892707"}}
{"logTime": "0505/122201", "correlationVector":"KG8lSwzOtvH/PO5VwM6azQ.153","action":"GetUpdates", "result":"DeleteReceived", "context":{"id":"2cefd269-4fbe-41c1-a2da-a866d9c3225f", "isDeleted:":"true", "version":"1678460095762"}}
{"logTime": "0505/122201", "correlationVector":"KG8lSwzOtvH/PO5VwM6azQ.154","action":"GetUpdates", "result":"DeleteReceived", "context":{"id":"ce049965-19b5-4242-a05e-7c42ca50086a", "isDeleted:":"true", "version":"1678464374159"}}
{"logTime": "0505/122201", "correlationVector":"KG8lSwzOtvH/PO5VwM6azQ.155","action":"GetUpdates", "result":"DeleteReceived", "context":{"id":"edae632e-e2e5-4f4f-ad79-faa50b257945", "isDeleted:":"true", "version":"1678467382938"}}
{"logTime": "0505/122201", "correlationVector":"KG8lSwzOtvH/PO5VwM6azQ.156","action":"GetUpdates", "result":"DeleteReceived", "context":{"id":"0dc728e8-c927-4c5a-8869-c24bb1911386", "isDeleted:":"true", "version":"1678467382940"}}
{"logTime": "0505/122201", "correlationVector":"KG8lSwzOtvH/PO5VwM6azQ.157","action":"GetUpdates", "result":"DeleteReceived", "context":{"id":"848fcda2-633e-4d12-a0a7-1fe88f686b43", "isDeleted:":"true", "version":"1678467382941"}}
{"logTime": "0505/122201", "correlationVector":"KG8lSwzOtvH/PO5VwM6azQ.158","action":"GetUpdates", "result":"DeleteReceived", "context":{"id":"249f6e36-4205-494c-9892-10feaa9edfae", "isDeleted:":"true", "version":"1678467762675"}}
{"logTime": "0505/122201", "correlationVector":"KG8lSwzOtvH/PO5VwM6azQ.159","action":"GetUpdates", "result":"DeleteReceived", "context":{"id":"c383b6d5-7469-4836-9369-ea5beac6a1a6", "isDeleted:":"true", "version":"1678467762677"}}
{"logTime": "0505/122201", "correlationVector":"KG8lSwzOtvH/PO5VwM6azQ.160","action":"GetUpdates", "result":"DeleteReceived", "context":{"id":"0c6921e9-08b8-4b97-b1f4-1554babe7236", "isDeleted:":"true", "version":"1678468038142"}}
{"logTime": "0505/122201", "correlationVector":"KG8lSwzOtvH/PO5VwM6azQ.161","action":"GetUpdates", "result":"DeleteReceived", "context":{"id":"2f8f2ed3-dc0b-4af3-90da-ee8bdbb3cbb4", "isDeleted:":"true", "version":"1678512761120"}}
{"logTime": "0505/122201", "correlationVector":"KG8lSwzOtvH/PO5VwM6azQ.162","action":"GetUpdates", "result":"DeleteReceived", "context":{"id":"e8632f5f-175d-4184-9846-5e18f2f5b86f", "isDeleted:":"true", "version":"1678513624695"}}
{"logTime": "0505/122201", "correlationVector":"KG8lSwzOtvH/PO5VwM6azQ.163","action":"GetUpdates", "result":"DeleteReceived", "context":{"id":"dd923467-df4a-439e-8a3e-6423cb2963f2", "isDeleted:":"true", "version":"1678515810758"}}
{"logTime": "0505/122201", "correlationVector":"KG8lSwzOtvH/PO5VwM6azQ.164","action":"GetUpdates", "result":"DeleteReceived", "context":{"id":"a79fee4a-f8a3-4744-aa79-c023757b8e7d", "isDeleted:":"true", "version":"1678532460142"}}
{"logTime": "0505/122201", "correlationVector":"KG8lSwzOtvH/PO5VwM6azQ.165","action":"GetUpdates", "result":"DeleteReceived", "context":{"id":"a17b84f6-4b8c-4a94-a6ec-65f3686df763", "isDeleted:":"true", "version":"1678534452595"}}
{"logTime": "0505/122201", "correlationVector":"KG8lSwzOtvH/PO5VwM6azQ.166","action":"GetUpdates", "result":"DeleteReceived", "context":{"id":"5395ce29-acba-429d-8399-bf947168bf9c", "isDeleted:":"true", "version":"1678535606117"}}
{"logTime": "0505/122201", "correlationVector":"KG8lSwzOtvH/PO5VwM6azQ.167","action":"GetUpdates", "result":"DeleteReceived", "context":{"id":"09a54ac5-6aa2-4c05-8032-707118f097b3", "isDeleted:":"true", "version":"1678535606119"}}
{"logTime": "0505/122201", "correlationVector":"KG8lSwzOtvH/PO5VwM6azQ.168","action":"GetUpdates", "result":"DeleteReceived", "context":{"id":"c8202bba-9d5c-463f-8648-7a90a3bf29cd", "isDeleted:":"true", "version":"1678539680913"}}
{"logTime": "0505/122201", "correlationVector":"KG8lSwzOtvH/PO5VwM6azQ.169","action":"GetUpdates", "result":"DeleteReceived", "context":{"id":"d628fe69-8dcb-487c-b32b-eff906e99fb7", "isDeleted:":"true", "version":"1678547663855"}}
{"logTime": "0505/122201", "correlationVector":"KG8lSwzOtvH/PO5VwM6azQ.170","action":"GetUpdates", "result":"DeleteReceived", "context":{"id":"ad3d07fd-00ee-4500-8bb6-2ef676eb4aba", "isDeleted:":"true", "version":"1678548978294"}}
{"logTime": "0505/122201", "correlationVector":"KG8lSwzOtvH/PO5VwM6azQ.171","action":"GetUpdates", "result":"DeleteReceived", "context":{"id":"bdc9c189-f4a4-4fc5-91cc-6522b65f3592", "isDeleted:":"true", "version":"1678554782502"}}
{"logTime": "0505/122201", "correlationVector":"KG8lSwzOtvH/PO5VwM6azQ.172","action":"GetUpdates", "result":"DeleteReceived", "context":{"id":"d5a14d51-4837-4aaf-8078-59b61a4b7c66", "isDeleted:":"true", "version":"1678554782504"}}
{"logTime": "0505/122201", "correlationVector":"KG8lSwzOtvH/PO5VwM6azQ.173","action":"GetUpdates", "result":"DeleteReceived", "context":{"id":"acc4aba5-bda2-4cb9-af17-ce87d5d64bcc", "isDeleted:":"true", "version":"1678555347006"}}
{"logTime": "0505/122201", "correlationVector":"KG8lSwzOtvH/PO5VwM6azQ.174","action":"GetUpdates", "result":"DeleteReceived", "context":{"id":"92df46ea-c9e7-43c4-8adf-6ceebf1ae279", "isDeleted:":"true", "version":"1678555347009"}}
{"logTime": "0505/122201", "correlationVector":"KG8lSwzOtvH/PO5VwM6azQ.175","action":"GetUpdates", "result":"DeleteReceived", "context":{"id":"defe421d-6ac3-4546-ae8d-06370e15fdc5", "isDeleted:":"true", "version":"1678555379036"}}
{"logTime": "0505/122201", "correlationVector":"KG8lSwzOtvH/PO5VwM6azQ.176","action":"GetUpdates", "result":"DeleteReceived", "context":{"id":"c92df0c9-38dc-47ae-b22c-e5cb3b4d33bb", "isDeleted:":"true", "version":"1678557266986"}}
{"logTime": "0505/122201", "correlationVector":"KG8lSwzOtvH/PO5VwM6azQ.177","action":"GetUpdates", "result":"DeleteReceived", "context":{"id":"6781f88f-9d3f-42f8-855b-fdba281c560f", "isDeleted:":"true", "version":"1678557266988"}}
{"logTime": "0505/122201", "correlationVector":"KG8lSwzOtvH/PO5VwM6azQ.178","action":"GetUpdates", "result":"DeleteReceived", "context":{"id":"14104bc0-6625-4fcc-9789-0d63882cddbe", "isDeleted:":"true", "version":"1678560160170"}}
{"logTime": "0505/122201", "correlationVector":"KG8lSwzOtvH/PO5VwM6azQ.179","action":"GetUpdates", "result":"DeleteReceived", "context":{"id":"fe6f6385-38fe-46c0-990c-3015f8f92399", "isDeleted:":"true", "version":"1678597084425"}}
{"logTime": "0505/122201", "correlationVector":"KG8lSwzOtvH/PO5VwM6azQ.180","action":"GetUpdates", "result":"DeleteReceived", "context":{"id":"a004fe3a-41af-4d28-a69e-3d9534bcbd86", "isDeleted:":"true", "version":"1678609308669"}}
{"logTime": "0505/122201", "correlationVector":"KG8lSwzOtvH/PO5VwM6azQ.181","action":"GetUpdates", "result":"DeleteReceived", "context":{"id":"5d258c0a-2f9e-45aa-9fc8-3e85ee798b49", "isDeleted:":"true", "version":"1678614127004"}}
{"logTime": "0505/122201", "correlationVector":"KG8lSwzOtvH/PO5VwM6azQ.182","action":"GetUpdates", "result":"DeleteReceived", "context":{"id":"03e4a33b-756c-40e5-9b21-f267605449a8", "isDeleted:":"true", "version":"1678628359335"}}
{"logTime": "0505/122201", "correlationVector":"KG8lSwzOtvH/PO5VwM6azQ.183","action":"GetUpdates", "result":"DeleteReceived", "context":{"id":"993e9700-fea5-4695-9fdf-41d071229b43", "isDeleted:":"true", "version":"1678633895075"}}
{"logTime": "0505/122201", "correlationVector":"KG8lSwzOtvH/PO5VwM6azQ.184","action":"GetUpdates", "result":"DeleteReceived", "context":{"id":"a63b6748-7dac-4101-b10e-a6760fb5fea8", "isDeleted:":"true", "version":"1678634082738"}}
{"logTime": "0505/122201", "correlationVector":"KG8lSwzOtvH/PO5VwM6azQ.185","action":"GetUpdates", "result":"DeleteReceived", "context":{"id":"6f90214d-ffb2-4bc3-ae20-885631c93866", "isDeleted:":"true", "version":"1678634564405"}}
{"logTime": "0505/122201", "correlationVector":"KG8lSwzOtvH/PO5VwM6azQ.186","action":"GetUpdates", "result":"DeleteReceived", "context":{"id":"fc164bd6-887b-4b3c-bb67-875733a6a627", "isDeleted:":"true", "version":"1678636640627"}}
{"logTime": "0505/122201", "correlationVector":"KG8lSwzOtvH/PO5VwM6azQ.187","action":"GetUpdates", "result":"DeleteReceived", "context":{"id":"61b6282c-103e-4c1d-a052-0f85dec05183", "isDeleted:":"true", "version":"1678775508927"}}
{"logTime": "0505/122201", "correlationVector":"KG8lSwzOtvH/PO5VwM6azQ.188","action":"GetUpdates", "result":"DeleteReceived", "context":{"id":"d35c7d73-89a9-4fc8-a492-d28ae7c14548", "isDeleted:":"true", "version":"1678787727556"}}
{"logTime": "0505/122201", "correlationVector":"KG8lSwzOtvH/PO5VwM6azQ.189","action":"GetUpdates", "result":"DeleteReceived", "context":{"id":"a21f8345-03f7-40e3-a7bf-2859aabb03fa", "isDeleted:":"true", "version":"1678810473283"}}
{"logTime": "0505/122201", "correlationVector":"KG8lSwzOtvH/PO5VwM6azQ.190","action":"GetUpdates", "result":"DeleteReceived", "context":{"id":"d3f69e9f-04f2-4c6e-93b1-684fa702ad03", "isDeleted:":"true", "version":"1678810625653"}}
{"logTime": "0505/122201", "correlationVector":"KG8lSwzOtvH/PO5VwM6azQ.191","action":"GetUpdates", "result":"DeleteReceived", "context":{"id":"ab9bb4c0-99f7-4588-a0de-856739abe1aa", "isDeleted:":"true", "version":"1678878745373"}}
{"logTime": "0505/122201", "correlationVector":"KG8lSwzOtvH/PO5VwM6azQ.192","action":"GetUpdates", "result":"DeleteReceived", "context":{"id":"430e62d3-13d5-4de3-b63a-6f851f5a92af", "isDeleted:":"true", "version":"1678881715165"}}
{"logTime": "0505/122201", "correlationVector":"KG8lSwzOtvH/PO5VwM6azQ.193","action":"GetUpdates", "result":"DeleteReceived", "context":{"id":"fef5e7d8-efb4-4de3-836d-66c82fd6465a", "isDeleted:":"true", "version":"1678901320005"}}
{"logTime": "0505/122201", "correlationVector":"KG8lSwzOtvH/PO5VwM6azQ.194","action":"GetUpdates", "result":"DeleteReceived", "context":{"id":"51d50a39-8b5a-415b-89eb-d1a723e6c96d", "isDeleted:":"true", "version":"1678901856905"}}
{"logTime": "0505/122201", "correlationVector":"KG8lSwzOtvH/PO5VwM6azQ.195","action":"GetUpdates", "result":"DeleteReceived", "context":{"id":"f6a0d6bf-e7c6-4784-80cb-9300d367ed70", "isDeleted:":"true", "version":"1678902512361"}}
{"logTime": "0505/122201", "correlationVector":"KG8lSwzOtvH/PO5VwM6azQ.196","action":"GetUpdates", "result":"DeleteReceived", "context":{"id":"aca482e8-6429-4ce2-b41e-e516853c2698", "isDeleted:":"true", "version":"1678909090585"}}
{"logTime": "0505/122201", "correlationVector":"KG8lSwzOtvH/PO5VwM6azQ.197","action":"GetUpdates", "result":"DeleteReceived", "context":{"id":"19805a98-cd9e-4ca4-adad-14f1b5677b0a", "isDeleted:":"true", "version":"1678909220420"}}
{"logTime": "0505/122201", "correlationVector":"KG8lSwzOtvH/PO5VwM6azQ.198","action":"GetUpdates", "result":"DeleteReceived", "context":{"id":"d3fd5c21-d479-4bb9-b534-d558652e60d2", "isDeleted:":"true", "version":"1678956069379"}}
{"logTime": "0505/122201", "correlationVector":"KG8lSwzOtvH/PO5VwM6azQ.199","action":"GetUpdates", "result":"DeleteReceived", "context":{"id":"210b9faf-b7b0-4de8-9088-2a7201a2d24e", "isDeleted:":"true", "version":"1678956069382"}}
{"logTime": "0505/122201", "correlationVector":"KG8lSwzOtvH/PO5VwM6azQ.200","action":"GetUpdates", "result":"DeleteReceived", "context":{"id":"63f0352b-e501-4ff6-bb0c-44de1d44bf5f", "isDeleted:":"true", "version":"1678956069383"}}
{"logTime": "0505/122201", "correlationVector":"KG8lSwzOtvH/PO5VwM6azQ.201","action":"GetUpdates", "result":"DeleteReceived", "context":{"id":"9daaaae6-8eb9-4272-a88c-81c05ec70c46", "isDeleted:":"true", "version":"1678956179390"}}
{"logTime": "0505/122201", "correlationVector":"KG8lSwzOtvH/PO5VwM6azQ.202","action":"GetUpdates", "result":"DeleteReceived", "context":{"id":"7efd4fd2-a7a4-4f7c-b7a8-351fa2979283", "isDeleted:":"true", "version":"1678960532132"}}
{"logTime": "0505/122201", "correlationVector":"KG8lSwzOtvH/PO5VwM6azQ.203","action":"GetUpdates", "result":"DeleteReceived", "context":{"id":"79010bad-7958-4194-a52e-60c8f7347114", "isDeleted:":"true", "version":"1678960566576"}}
{"logTime": "0505/122201", "correlationVector":"KG8lSwzOtvH/PO5VwM6azQ.204","action":"GetUpdates", "result":"DeleteReceived", "context":{"id":"141992e9-12b2-45b8-a7ac-abc54d8373dd", "isDeleted:":"true", "version":"1678961020722"}}
{"logTime": "0505/122201", "correlationVector":"KG8lSwzOtvH/PO5VwM6azQ.205","action":"GetUpdates", "result":"DeleteReceived", "context":{"id":"7a917419-1377-4b08-bdbb-5ffeb08c0bc6", "isDeleted:":"true", "version":"1678966725980"}}
{"logTime": "0505/122201", "correlationVector":"KG8lSwzOtvH/PO5VwM6azQ.206","action":"GetUpdates", "result":"DeleteReceived", "context":{"id":"e5713e56-0465-43a0-8906-1c4d9880137b", "isDeleted:":"true", "version":"1678966725982"}}
{"logTime": "0505/122201", "correlationVector":"KG8lSwzOtvH/PO5VwM6azQ.207","action":"GetUpdates", "result":"DeleteReceived", "context":{"id":"de9943d4-b41c-48c2-8766-ec99a72d1872", "isDeleted:":"true", "version":"1678966725983"}}
{"logTime": "0505/122201", "correlationVector":"KG8lSwzOtvH/PO5VwM6azQ.208","action":"GetUpdates", "result":"DeleteReceived", "context":{"id":"177991ec-4019-4b8b-b27e-2e8c5376c8fa", "isDeleted:":"true", "version":"1678966725984"}}
{"logTime": "0505/122201", "correlationVector":"KG8lSwzOtvH/PO5VwM6azQ.209","action":"GetUpdates", "result":"DeleteReceived", "context":{"id":"a77a2858-577d-41e4-bb3b-4473b667c2e3", "isDeleted:":"true", "version":"1678966725985"}}
{"logTime": "0505/122201", "correlationVector":"KG8lSwzOtvH/PO5VwM6azQ.210","action":"GetUpdates", "result":"DeleteReceived", "context":{"id":"1bb33140-da58-4c85-9bfa-5a03cd2dec96", "isDeleted:":"true", "version":"1678967876823"}}
{"logTime": "0505/122201", "correlationVector":"KG8lSwzOtvH/PO5VwM6azQ.211","action":"GetUpdates", "result":"DeleteReceived", "context":{"id":"1c2ab21c-1f59-4122-b2aa-22be5c1920ac", "isDeleted:":"true", "version":"1678967876824"}}
{"logTime": "0505/122201", "correlationVector":"KG8lSwzOtvH/PO5VwM6azQ.212","action":"GetUpdates", "result":"DeleteReceived", "context":{"id":"2deb6cf6-6a24-4c60-b939-f68fa31e31a8", "isDeleted:":"true", "version":"1679032206906"}}
{"logTime": "0505/122201", "correlationVector":"KG8lSwzOtvH/PO5VwM6azQ.213","action":"GetUpdates", "result":"DeleteReceived", "context":{"id":"9a3fa722-c494-4cdb-9b85-acce5e2a88bd", "isDeleted:":"true", "version":"1679052937780"}}
{"logTime": "0505/122201", "correlationVector":"KG8lSwzOtvH/PO5VwM6azQ.214","action":"GetUpdates", "result":"DeleteReceived", "context":{"id":"07abbef7-7cd3-4970-a648-a612f316cdfc", "isDeleted:":"true", "version":"1679071252668"}}
{"logTime": "0505/122201", "correlationVector":"KG8lSwzOtvH/PO5VwM6azQ.215","action":"GetUpdates", "result":"DeleteReceived", "context":{"id":"9740b211-da79-4f61-af9c-0f0d74e64f96", "isDeleted:":"true", "version":"1679071572585"}}
{"logTime": "0505/122201", "correlationVector":"KG8lSwzOtvH/PO5VwM6azQ.216","action":"GetUpdates", "result":"DeleteReceived", "context":{"id":"05d7b40c-3015-489b-8807-acb066dfa17c", "isDeleted:":"true", "version":"1679072695480"}}
{"logTime": "0505/122201", "correlationVector":"KG8lSwzOtvH/PO5VwM6azQ.217","action":"GetUpdates", "result":"DeleteReceived", "context":{"id":"fb6a9c4f-9748-4fc6-bef6-d52e4bcfd7ff", "isDeleted:":"true", "version":"1679072695482"}}
{"logTime": "0505/122201", "correlationVector":"KG8lSwzOtvH/PO5VwM6azQ.218","action":"GetUpdates", "result":"DeleteReceived", "context":{"id":"3ee690a3-ebd8-42a5-829e-0413925acb8a", "isDeleted:":"true", "version":"1679072695484"}}
{"logTime": "0505/122201", "correlationVector":"KG8lSwzOtvH/PO5VwM6azQ.219","action":"GetUpdates", "result":"DeleteReceived", "context":{"id":"d58aee5c-1ded-4bd8-a014-ef78f9209609", "isDeleted:":"true", "version":"1679073076782"}}
{"logTime": "0505/122201", "correlationVector":"KG8lSwzOtvH/PO5VwM6azQ.220","action":"GetUpdates", "result":"DeleteReceived", "context":{"id":"1a8093c7-1f08-4595-8851-699bb977919b", "isDeleted:":"true", "version":"1679074859268"}}
{"logTime": "0505/122201", "correlationVector":"KG8lSwzOtvH/PO5VwM6azQ.221","action":"GetUpdates", "result":"DeleteReceived", "context":{"id":"663261f3-f853-4aa7-991d-1bcc222b4e50", "isDeleted:":"true", "version":"1679076691288"}}
{"logTime": "0505/122201", "correlationVector":"KG8lSwzOtvH/PO5VwM6azQ.222","action":"GetUpdates", "result":"DeleteReceived", "context":{"id":"1ff1f3d0-2ecd-4c52-9879-ee2a1db5739b", "isDeleted:":"true", "version":"1679076877788"}}
{"logTime": "0505/122201", "correlationVector":"KG8lSwzOtvH/PO5VwM6azQ.223","action":"GetUpdates", "result":"DeleteReceived", "context":{"id":"8f76dc1f-8e61-4272-8b4a-bb61371c80ed", "isDeleted:":"true", "version":"1679079127444"}}
{"logTime": "0505/122201", "correlationVector":"KG8lSwzOtvH/PO5VwM6azQ.224","action":"GetUpdates", "result":"DeleteReceived", "context":{"id":"9662c288-3f50-4534-8cd5-9721cb1c5dd7", "isDeleted:":"true", "version":"1679079500060"}}
{"logTime": "0505/122201", "correlationVector":"KG8lSwzOtvH/PO5VwM6azQ.225","action":"GetUpdates", "result":"DeleteReceived", "context":{"id":"35daf88e-b9ab-4f5e-8326-e276948e4a90", "isDeleted:":"true", "version":"1679079500063"}}
{"logTime": "0505/122201", "correlationVector":"KG8lSwzOtvH/PO5VwM6azQ.226","action":"GetUpdates", "result":"DeleteReceived", "context":{"id":"f9a14834-ca22-48d3-ae1e-ade2a8e3d5b4", "isDeleted:":"true", "version":"1679109889949"}}
{"logTime": "0505/122201", "correlationVector":"KG8lSwzOtvH/PO5VwM6azQ.227","action":"GetUpdates", "result":"DeleteReceived", "context":{"id":"f4d080d0-d039-49ea-b79b-a57c13e5dd97", "isDeleted:":"true", "version":"1679109889950"}}
{"logTime": "0505/122201", "correlationVector":"KG8lSwzOtvH/PO5VwM6azQ.228","action":"GetUpdates", "result":"DeleteReceived", "context":{"id":"d920439e-7b24-40e2-842e-dee690a43e9f", "isDeleted:":"true", "version":"1679109889952"}}
{"logTime": "0505/122201", "correlationVector":"KG8lSwzOtvH/PO5VwM6azQ.229","action":"GetUpdates", "result":"DeleteReceived", "context":{"id":"276dc5b0-884c-4cf7-b1df-ef4342e58b20", "isDeleted:":"true", "version":"1679116620914"}}
{"logTime": "0505/122201", "correlationVector":"KG8lSwzOtvH/PO5VwM6azQ.230","action":"GetUpdates", "result":"DeleteReceived", "context":{"id":"b953d3a1-d924-4365-9099-3b71c2b5a272", "isDeleted:":"true", "version":"1679134379842"}}
{"logTime": "0505/122201", "correlationVector":"KG8lSwzOtvH/PO5VwM6azQ.231","action":"GetUpdates", "result":"DeleteReceived", "context":{"id":"a60d726b-a2ee-4613-b69b-27fac9a5ed5f", "isDeleted:":"true", "version":"1679136569238"}}
{"logTime": "0505/122201", "correlationVector":"KG8lSwzOtvH/PO5VwM6azQ.232","action":"GetUpdates", "result":"DeleteReceived", "context":{"id":"8ba2cbea-0640-4aee-891d-2599b5c23ef9", "isDeleted:":"true", "version":"1679141314041"}}
{"logTime": "0505/122201", "correlationVector":"KG8lSwzOtvH/PO5VwM6azQ.233","action":"GetUpdates", "result":"DeleteReceived", "context":{"id":"4adde423-0f02-4c80-b652-4470e2ed6414", "isDeleted:":"true", "version":"1679141314044"}}
{"logTime": "0505/122201", "correlationVector":"KG8lSwzOtvH/PO5VwM6azQ.234","action":"GetUpdates", "result":"DeleteReceived", "context":{"id":"beb3f5be-7de6-4b09-b615-6863bcfaef44", "isDeleted:":"true", "version":"1679141663655"}}
{"logTime": "0505/122201", "correlationVector":"KG8lSwzOtvH/PO5VwM6azQ.235","action":"GetUpdates", "result":"DeleteReceived", "context":{"id":"ca88986f-252a-4533-bf86-02e97c6f1d4c", "isDeleted:":"true", "version":"1679144250319"}}
{"logTime": "0505/122201", "correlationVector":"KG8lSwzOtvH/PO5VwM6azQ.236","action":"GetUpdates", "result":"DeleteReceived", "context":{"id":"e53e10a1-4302-47c1-be85-d552dcbafa74", "isDeleted:":"true", "version":"1679144985507"}}
{"logTime": "0505/122201", "correlationVector":"KG8lSwzOtvH/PO5VwM6azQ.237","action":"GetUpdates", "result":"DeleteReceived", "context":{"id":"9f25273c-c152-4229-ab66-8c25e5333adf", "isDeleted:":"true", "version":"1679145554341"}}
{"logTime": "0505/122201", "correlationVector":"KG8lSwzOtvH/PO5VwM6azQ.238","action":"GetUpdates", "result":"DeleteReceived", "context":{"id":"b31eb15a-21ee-4802-886e-67ad66efaf3c", "isDeleted:":"true", "version":"1679151632671"}}
{"logTime": "0505/122201", "correlationVector":"KG8lSwzOtvH/PO5VwM6azQ.239","action":"GetUpdates", "result":"DeleteReceived", "context":{"id":"dfbe5a3c-7896-410f-a39b-839e5ee9d574", "isDeleted:":"true", "version":"1679152699971"}}
{"logTime": "0505/122201", "correlationVector":"KG8lSwzOtvH/PO5VwM6azQ.240","action":"GetUpdates", "result":"DeleteReceived", "context":{"id":"37b3d165-5d7b-45b8-b791-566aef696984", "isDeleted:":"true", "version":"1679153123421"}}
{"logTime": "0505/122201", "correlationVector":"KG8lSwzOtvH/PO5VwM6azQ.241","action":"GetUpdates", "result":"DeleteReceived", "context":{"id":"30da29fc-663a-4c68-a02a-9221c54b686b", "isDeleted:":"true", "version":"1679155224704"}}
{"logTime": "0505/122201", "correlationVector":"KG8lSwzOtvH/PO5VwM6azQ.242","action":"GetUpdates", "result":"DeleteReceived", "context":{"id":"b07eeaa0-d63b-4b9e-acd8-a2fd3cb60cfc", "isDeleted:":"true", "version":"1679162328963"}}
{"logTime": "0505/122201", "correlationVector":"KG8lSwzOtvH/PO5VwM6azQ.243","action":"GetUpdates", "result":"DeleteReceived", "context":{"id":"1de13420-128c-4c90-8727-de2e8721335d", "isDeleted:":"true", "version":"1679162820650"}}
{"logTime": "0505/122201", "correlationVector":"KG8lSwzOtvH/PO5VwM6azQ.244","action":"GetUpdates Response", "result":"SERVER_MORE_TO_DOWNLOAD", "context":Received 250 update(s).  Some updates remain.}
{"logTime": "0505/122201", "correlationVector":"vRjhaOY4og3nD8VQ2AKDkU","action":"Normal GetUpdate request", "result":"", "context":cV=vRjhaOY4og3nD8VQ2AKDkU
Nudged types: Sessions
Notified types: Typed URLs}
{"logTime": "0505/122202", "correlationVector":"vRjhaOY4og3nD8VQ2AKDkU.1","action":"SyncServerConnectionManagerRequest", "result":"SYNC_SERVER_OK", "context":{"environment":"Prod_SoutheastAsia_000j", "migrationStage":"NotStarted", "server":"GENERAL0100001I"}}
{"logTime": "0505/122202", "correlationVector":"vRjhaOY4og3nD8VQ2AKDkU.2","action":"GetUpdates", "result":"DeleteReceived", "context":{"id":"413116e7-b520-4bf6-9035-d0413f6dfe5a", "isDeleted:":"true", "version":"1679334609871"}}
{"logTime": "0505/122202", "correlationVector":"vRjhaOY4og3nD8VQ2AKDkU.3","action":"GetUpdates", "result":"DeleteReceived", "context":{"id":"18da5c7a-a2d9-4966-9bb8-ab21376730c6", "isDeleted:":"true", "version":"1679419192213"}}
{"logTime": "0505/122202", "correlationVector":"vRjhaOY4og3nD8VQ2AKDkU.4","action":"GetUpdates", "result":"DeleteReceived", "context":{"id":"f5d2327e-fb76-41cb-a733-1e80ee397efc", "isDeleted:":"true", "version":"1679420683799"}}
{"logTime": "0505/122202", "correlationVector":"vRjhaOY4og3nD8VQ2AKDkU.5","action":"GetUpdates", "result":"DeleteReceived", "context":{"id":"65d9a350-9159-45a4-ba34-e6cda01812b1", "isDeleted:":"true", "version":"1679421661034"}}
{"logTime": "0505/122202", "correlationVector":"vRjhaOY4og3nD8VQ2AKDkU.6","action":"GetUpdates", "result":"DeleteReceived", "context":{"id":"754fe871-c109-4fa5-a64d-6a80c37723b2", "isDeleted:":"true", "version":"1679505323831"}}
{"logTime": "0505/122202", "correlationVector":"vRjhaOY4og3nD8VQ2AKDkU.7","action":"GetUpdates", "result":"DeleteReceived", "context":{"id":"11f1e278-8d6e-4fc1-811f-4ffc6eaa6215", "isDeleted:":"true", "version":"1679566761106"}}
{"logTime": "0505/122202", "correlationVector":"vRjhaOY4og3nD8VQ2AKDkU.8","action":"GetUpdates", "result":"DeleteReceived", "context":{"id":"2dad4d13-da9e-4b19-b6bc-515cdab6f772", "isDeleted:":"true", "version":"1679682908735"}}
{"logTime": "0505/122202", "correlationVector":"vRjhaOY4og3nD8VQ2AKDkU.9","action":"GetUpdates", "result":"DeleteReceived", "context":{"id":"b8e9754b-53c9-4891-9c04-8880e80483be", "isDeleted:":"true", "version":"1679683932706"}}
{"logTime": "0505/122202", "correlationVector":"vRjhaOY4og3nD8VQ2AKDkU.10","action":"GetUpdates", "result":"DeleteReceived", "context":{"id":"3ffd5dee-0db5-4770-8e0f-e20a3177e067", "isDeleted:":"true", "version":"1679725396211"}}
{"logTime": "0505/122202", "correlationVector":"vRjhaOY4og3nD8VQ2AKDkU.11","action":"GetUpdates", "result":"DeleteReceived", "context":{"id":"0e1a0f2d-2793-498f-a065-b38af56c3db9", "isDeleted:":"true", "version":"1679812581775"}}
{"logTime": "0505/122202", "correlationVector":"vRjhaOY4og3nD8VQ2AKDkU.12","action":"GetUpdates", "result":"DeleteReceived", "context":{"id":"3f8af969-b526-4369-990b-f1d841f46f31", "isDeleted:":"true", "version":"1679827062104"}}
{"logTime": "0505/122202", "correlationVector":"vRjhaOY4og3nD8VQ2AKDkU.13","action":"GetUpdates", "result":"DeleteReceived", "context":{"id":"a7dfd0c7-8a5f-4bb3-9e95-37432fceb110", "isDeleted:":"true", "version":"1679829006015"}}
{"logTime": "0505/122202", "correlationVector":"vRjhaOY4og3nD8VQ2AKDkU.14","action":"GetUpdates", "result":"DeleteReceived", "context":{"id":"d37fbb46-c35f-496f-8c27-a239e414d67e", "isDeleted:":"true", "version":"1680009263550"}}
{"logTime": "0505/122202", "correlationVector":"vRjhaOY4og3nD8VQ2AKDkU.15","action":"GetUpdates", "result":"DeleteReceived", "context":{"id":"1af7d6f1-a931-448e-95a6-2a0d82f678fa", "isDeleted:":"true", "version":"1680025449595"}}
{"logTime": "0505/122202", "correlationVector":"vRjhaOY4og3nD8VQ2AKDkU.16","action":"GetUpdates", "result":"DeleteReceived", "context":{"id":"aaa2d543-704c-4525-a7fd-67adf8305412", "isDeleted:":"true", "version":"1680028353120"}}
{"logTime": "0505/122202", "correlationVector":"vRjhaOY4og3nD8VQ2AKDkU.17","action":"GetUpdates", "result":"DeleteReceived", "context":{"id":"8d550ee8-3f5f-446d-821e-7dccd443a858", "isDeleted:":"true", "version":"1680028525731"}}
{"logTime": "0505/122202", "correlationVector":"vRjhaOY4og3nD8VQ2AKDkU.18","action":"GetUpdates", "result":"DeleteReceived", "context":{"id":"8314c44b-3eb7-4548-949b-850be5e34630", "isDeleted:":"true", "version":"1680104019083"}}
{"logTime": "0505/122202", "correlationVector":"vRjhaOY4og3nD8VQ2AKDkU.19","action":"GetUpdates", "result":"DeleteReceived", "context":{"id":"82a423d0-87a2-4a67-8854-cc6a52122cd4", "isDeleted:":"true", "version":"1680104070403"}}
{"logTime": "0505/122202", "correlationVector":"vRjhaOY4og3nD8VQ2AKDkU.20","action":"GetUpdates", "result":"DeleteReceived", "context":{"id":"4ad8b8a0-f087-404f-b116-b79e1d77c3b0", "isDeleted:":"true", "version":"1680110695203"}}
{"logTime": "0505/122202", "correlationVector":"vRjhaOY4og3nD8VQ2AKDkU.21","action":"GetUpdates", "result":"DeleteReceived", "context":{"id":"b7ec58a6-1e9d-487a-b0f4-05348445ee00", "isDeleted:":"true", "version":"1680110695204"}}
{"logTime": "0505/122202", "correlationVector":"vRjhaOY4og3nD8VQ2AKDkU.22","action":"GetUpdates", "result":"DeleteReceived", "context":{"id":"0bc0754b-5afd-4345-9b41-87d37d6901c8", "isDeleted:":"true", "version":"1680110695205"}}
{"logTime": "0505/122202", "correlationVector":"vRjhaOY4og3nD8VQ2AKDkU.23","action":"GetUpdates", "result":"DeleteReceived", "context":{"id":"84149059-afae-4037-acc6-4a989b26e5dd", "isDeleted:":"true", "version":"1680110695206"}}
{"logTime": "0505/122202", "correlationVector":"vRjhaOY4og3nD8VQ2AKDkU.24","action":"GetUpdates", "result":"DeleteReceived", "context":{"id":"97b143d3-5d6d-489c-a47b-6ee6183553c1", "isDeleted:":"true", "version":"1680111962092"}}
{"logTime": "0505/122202", "correlationVector":"vRjhaOY4og3nD8VQ2AKDkU.25","action":"GetUpdates", "result":"DeleteReceived", "context":{"id":"bc7f04ee-1336-41d4-a566-b4585ebf203c", "isDeleted:":"true", "version":"1680112518974"}}
{"logTime": "0505/122202", "correlationVector":"vRjhaOY4og3nD8VQ2AKDkU.26","action":"GetUpdates", "result":"DeleteReceived", "context":{"id":"c23682d0-d779-414e-8489-46ceefac5a7f", "isDeleted:":"true", "version":"1680114154391"}}
{"logTime": "0505/122202", "correlationVector":"vRjhaOY4og3nD8VQ2AKDkU.27","action":"GetUpdates", "result":"DeleteReceived", "context":{"id":"4e9ddf4d-27ea-4658-8d37-21ea123e67f3", "isDeleted:":"true", "version":"1680114862653"}}
{"logTime": "0505/122202", "correlationVector":"vRjhaOY4og3nD8VQ2AKDkU.28","action":"GetUpdates", "result":"DeleteReceived", "context":{"id":"85cbaeec-c44a-49e4-bcbb-054c7bc77ac0", "isDeleted:":"true", "version":"1680197708814"}}
{"logTime": "0505/122202", "correlationVector":"vRjhaOY4og3nD8VQ2AKDkU.29","action":"GetUpdates", "result":"DeleteReceived", "context":{"id":"cbe502eb-b118-4a89-85ee-ad2cfa34f095", "isDeleted:":"true", "version":"1680200187939"}}
{"logTime": "0505/122202", "correlationVector":"vRjhaOY4og3nD8VQ2AKDkU.30","action":"GetUpdates", "result":"DeleteReceived", "context":{"id":"d2d3d050-64b4-4d23-bd95-4f023a662da1", "isDeleted:":"true", "version":"1680290338829"}}
{"logTime": "0505/122202", "correlationVector":"vRjhaOY4og3nD8VQ2AKDkU.31","action":"GetUpdates", "result":"DeleteReceived", "context":{"id":"3aafe806-b1f3-471e-82bb-5cc33132d2af", "isDeleted:":"true", "version":"1680375379765"}}
{"logTime": "0505/122202", "correlationVector":"vRjhaOY4og3nD8VQ2AKDkU.32","action":"GetUpdates", "result":"DeleteReceived", "context":{"id":"f498dc35-a542-4665-b464-90b4be9ce3f7", "isDeleted:":"true", "version":"1680455702604"}}
{"logTime": "0505/122202", "correlationVector":"vRjhaOY4og3nD8VQ2AKDkU.33","action":"GetUpdates", "result":"DeleteReceived", "context":{"id":"abefa307-4a42-4a2a-b72b-780d25e4ee7e", "isDeleted:":"true", "version":"1680455938916"}}
{"logTime": "0505/122202", "correlationVector":"vRjhaOY4og3nD8VQ2AKDkU.34","action":"GetUpdates", "result":"DeleteReceived", "context":{"id":"de47d1a2-fcf0-4b8c-858c-ae57c1b0d18c", "isDeleted:":"true", "version":"1680455938918"}}
{"logTime": "0505/122202", "correlationVector":"vRjhaOY4og3nD8VQ2AKDkU.35","action":"GetUpdates", "result":"DeleteReceived", "context":{"id":"3f342738-a420-4df0-b096-bc9a0e45c3ba", "isDeleted:":"true", "version":"1680499960532"}}
{"logTime": "0505/122202", "correlationVector":"vRjhaOY4og3nD8VQ2AKDkU.36","action":"GetUpdates", "result":"DeleteReceived", "context":{"id":"03f5ea48-9c7b-4d5d-aae3-03843d0388db", "isDeleted:":"true", "version":"1680499960535"}}
{"logTime": "0505/122202", "correlationVector":"vRjhaOY4og3nD8VQ2AKDkU.37","action":"GetUpdates", "result":"DeleteReceived", "context":{"id":"7f471edd-595b-425f-b9e5-fb7e46c9b0f0", "isDeleted:":"true", "version":"1680499960536"}}
{"logTime": "0505/122202", "correlationVector":"vRjhaOY4og3nD8VQ2AKDkU.38","action":"GetUpdates", "result":"DeleteReceived", "context":{"id":"e230ce5a-55f1-4928-b788-b8e915e94de1", "isDeleted:":"true", "version":"1680500834791"}}
{"logTime": "0505/122202", "correlationVector":"vRjhaOY4og3nD8VQ2AKDkU.39","action":"GetUpdates", "result":"DeleteReceived", "context":{"id":"bfa38dff-ff49-48bf-a3d7-510052a50fa3", "isDeleted:":"true", "version":"1680516077334"}}
{"logTime": "0505/122202", "correlationVector":"vRjhaOY4og3nD8VQ2AKDkU.40","action":"GetUpdates", "result":"DeleteReceived", "context":{"id":"fecee7a6-f19c-4f22-b209-f87ed0bc83fa", "isDeleted:":"true", "version":"1680524156833"}}
{"logTime": "0505/122202", "correlationVector":"vRjhaOY4og3nD8VQ2AKDkU.41","action":"GetUpdates", "result":"DeleteReceived", "context":{"id":"7936da0f-d1ef-47d0-a549-09983301a71a", "isDeleted:":"true", "version":"1680602943931"}}
{"logTime": "0505/122202", "correlationVector":"vRjhaOY4og3nD8VQ2AKDkU.42","action":"GetUpdates", "result":"DeleteReceived", "context":{"id":"81e59857-3545-4d76-a2d7-f05963aa6c86", "isDeleted:":"true", "version":"1680606169985"}}
{"logTime": "0505/122202", "correlationVector":"vRjhaOY4og3nD8VQ2AKDkU.43","action":"GetUpdates", "result":"DeleteReceived", "context":{"id":"d64b0228-a510-4045-b8c5-147c47c12a78", "isDeleted:":"true", "version":"1680607033282"}}
{"logTime": "0505/122202", "correlationVector":"vRjhaOY4og3nD8VQ2AKDkU.44","action":"GetUpdates", "result":"DeleteReceived", "context":{"id":"e22ca9ac-7cb7-4f70-b19c-6853f8b7f526", "isDeleted:":"true", "version":"1680609655191"}}
{"logTime": "0505/122202", "correlationVector":"vRjhaOY4og3nD8VQ2AKDkU.45","action":"GetUpdates", "result":"DeleteReceived", "context":{"id":"faa0ccbe-1380-456d-b9ca-6750ddfcb455", "isDeleted:":"true", "version":"1680609655192"}}
{"logTime": "0505/122202", "correlationVector":"vRjhaOY4og3nD8VQ2AKDkU.46","action":"GetUpdates", "result":"DeleteReceived", "context":{"id":"ecbc9afc-5377-4632-82f7-4441990f0f1e", "isDeleted:":"true", "version":"1680611828799"}}
{"logTime": "0505/122202", "correlationVector":"vRjhaOY4og3nD8VQ2AKDkU.47","action":"GetUpdates", "result":"DeleteReceived", "context":{"id":"2747cf85-c93a-4612-bcd6-0b5d36d946df", "isDeleted:":"true", "version":"1680611920174"}}
{"logTime": "0505/122202", "correlationVector":"vRjhaOY4og3nD8VQ2AKDkU.48","action":"GetUpdates", "result":"DeleteReceived", "context":{"id":"9777dcd2-b6f6-40d0-93ff-640c86d87bf1", "isDeleted:":"true", "version":"1680626169394"}}
{"logTime": "0505/122202", "correlationVector":"vRjhaOY4og3nD8VQ2AKDkU.49","action":"GetUpdates", "result":"DeleteReceived", "context":{"id":"b84c77d0-3b4c-4235-bfcd-2171b4bdbebf", "isDeleted:":"true", "version":"1680627865022"}}
{"logTime": "0505/122202", "correlationVector":"vRjhaOY4og3nD8VQ2AKDkU.50","action":"GetUpdates", "result":"DeleteReceived", "context":{"id":"3a86fb20-554b-4e35-8cbf-447b1940d0a3", "isDeleted:":"true", "version":"1680627929295"}}
{"logTime": "0505/122202", "correlationVector":"vRjhaOY4og3nD8VQ2AKDkU.51","action":"GetUpdates", "result":"DeleteReceived", "context":{"id":"c94c16fa-bf0f-4e4d-b08b-2d82876f0b4e", "isDeleted:":"true", "version":"1680628314853"}}
{"logTime": "0505/122202", "correlationVector":"vRjhaOY4og3nD8VQ2AKDkU.52","action":"GetUpdates", "result":"DeleteReceived", "context":{"id":"24a55ea8-86a8-4b4a-beee-085c6a5f28c6", "isDeleted:":"true", "version":"1680628355542"}}
{"logTime": "0505/122202", "correlationVector":"vRjhaOY4og3nD8VQ2AKDkU.53","action":"GetUpdates", "result":"DeleteReceived", "context":{"id":"98b50be6-86ed-4634-8e47-271eef3ee1de", "isDeleted:":"true", "version":"1680630315672"}}
{"logTime": "0505/122202", "correlationVector":"vRjhaOY4og3nD8VQ2AKDkU.54","action":"GetUpdates", "result":"DeleteReceived", "context":{"id":"ae79ad2f-3214-4222-85d8-0396a25a779e", "isDeleted:":"true", "version":"1680630581399"}}
{"logTime": "0505/122202", "correlationVector":"vRjhaOY4og3nD8VQ2AKDkU.55","action":"GetUpdates", "result":"DeleteReceived", "context":{"id":"fa6af6cb-1c24-4229-8ea1-9afc87d6ba31", "isDeleted:":"true", "version":"1680631610284"}}
{"logTime": "0505/122202", "correlationVector":"vRjhaOY4og3nD8VQ2AKDkU.56","action":"GetUpdates", "result":"DeleteReceived", "context":{"id":"ded8b46e-8108-45b6-8551-f0116dbe8a8f", "isDeleted:":"true", "version":"1680631610285"}}
{"logTime": "0505/122202", "correlationVector":"vRjhaOY4og3nD8VQ2AKDkU.57","action":"GetUpdates", "result":"DeleteReceived", "context":{"id":"4cbbc77c-cdc3-48b8-802e-0022f8d18a91", "isDeleted:":"true", "version":"1680631610287"}}
{"logTime": "0505/122202", "correlationVector":"vRjhaOY4og3nD8VQ2AKDkU.58","action":"GetUpdates", "result":"DeleteReceived", "context":{"id":"dd52b05a-dc13-4b2a-b36d-810f9a331911", "isDeleted:":"true", "version":"1680632968933"}}
{"logTime": "0505/122202", "correlationVector":"vRjhaOY4og3nD8VQ2AKDkU.59","action":"GetUpdates", "result":"DeleteReceived", "context":{"id":"26629dd5-4ada-4a35-8f55-f6b689dcac10", "isDeleted:":"true", "version":"1680633513022"}}
{"logTime": "0505/122202", "correlationVector":"vRjhaOY4og3nD8VQ2AKDkU.60","action":"GetUpdates", "result":"DeleteReceived", "context":{"id":"bac945ba-14df-4ebf-ae44-db2c4cf34f3f", "isDeleted:":"true", "version":"1680634562541"}}
{"logTime": "0505/122202", "correlationVector":"vRjhaOY4og3nD8VQ2AKDkU.61","action":"GetUpdates", "result":"DeleteReceived", "context":{"id":"e7e8553a-c8a7-47dd-9193-b102946223d4", "isDeleted:":"true", "version":"1680634873973"}}
{"logTime": "0505/122202", "correlationVector":"vRjhaOY4og3nD8VQ2AKDkU.62","action":"GetUpdates", "result":"DeleteReceived", "context":{"id":"83696fca-0a15-4cc8-af1f-677682f3c38c", "isDeleted:":"true", "version":"1680634986839"}}
{"logTime": "0505/122202", "correlationVector":"vRjhaOY4og3nD8VQ2AKDkU.63","action":"GetUpdates", "result":"DeleteReceived", "context":{"id":"82526b39-ba75-4917-bce3-d7d5dd1936c6", "isDeleted:":"true", "version":"1680659607648"}}
{"logTime": "0505/122202", "correlationVector":"vRjhaOY4og3nD8VQ2AKDkU.64","action":"GetUpdates", "result":"DeleteReceived", "context":{"id":"9e5f92dd-ad7f-454b-b963-9d877e07afe4", "isDeleted:":"true", "version":"1680659607649"}}
{"logTime": "0505/122202", "correlationVector":"vRjhaOY4og3nD8VQ2AKDkU.65","action":"GetUpdates", "result":"DeleteReceived", "context":{"id":"e4904dcc-3ec5-4ed4-b3bf-88f24f5e8f32", "isDeleted:":"true", "version":"1680659843965"}}
{"logTime": "0505/122202", "correlationVector":"vRjhaOY4og3nD8VQ2AKDkU.66","action":"GetUpdates", "result":"DeleteReceived", "context":{"id":"c03a092c-ab63-41eb-bb9e-fe3e76748071", "isDeleted:":"true", "version":"1680682413101"}}
{"logTime": "0505/122202", "correlationVector":"vRjhaOY4og3nD8VQ2AKDkU.67","action":"GetUpdates", "result":"DeleteReceived", "context":{"id":"d3ba9494-6b8f-42fb-82ac-4b9228a8a5a8", "isDeleted:":"true", "version":"1680682413104"}}
{"logTime": "0505/122202", "correlationVector":"vRjhaOY4og3nD8VQ2AKDkU.68","action":"GetUpdates", "result":"DeleteReceived", "context":{"id":"3cc23b8e-7223-4b9f-9759-f94050d1f1dc", "isDeleted:":"true", "version":"1680695468674"}}
{"logTime": "0505/122202", "correlationVector":"vRjhaOY4og3nD8VQ2AKDkU.69","action":"GetUpdates", "result":"DeleteReceived", "context":{"id":"3951cdb7-ccd9-4768-baae-647d3d04378c", "isDeleted:":"true", "version":"1680716036631"}}
{"logTime": "0505/122202", "correlationVector":"vRjhaOY4og3nD8VQ2AKDkU.70","action":"GetUpdates", "result":"DeleteReceived", "context":{"id":"7d566e45-ba9c-4436-9a29-553fe4b79cae", "isDeleted:":"true", "version":"1680890555480"}}
{"logTime": "0505/122202", "correlationVector":"vRjhaOY4og3nD8VQ2AKDkU.71","action":"GetUpdates", "result":"DeleteReceived", "context":{"id":"6167b722-dd65-4a7c-a8f1-228fffb1ff44", "isDeleted:":"true", "version":"1680891781416"}}
{"logTime": "0505/122202", "correlationVector":"vRjhaOY4og3nD8VQ2AKDkU.72","action":"GetUpdates", "result":"DeleteReceived", "context":{"id":"890b6d24-7c9f-48d2-8649-ae94deadefcc", "isDeleted:":"true", "version":"1680891847540"}}
{"logTime": "0505/122202", "correlationVector":"vRjhaOY4og3nD8VQ2AKDkU.73","action":"GetUpdates", "result":"DeleteReceived", "context":{"id":"728eadcb-b9cf-4583-8964-33724b170c09", "isDeleted:":"true", "version":"1680893553045"}}
{"logTime": "0505/122202", "correlationVector":"vRjhaOY4og3nD8VQ2AKDkU.74","action":"GetUpdates", "result":"DeleteReceived", "context":{"id":"eb86349e-4b20-4cb0-8991-8869ed318fd6", "isDeleted:":"true", "version":"1680894703859"}}
{"logTime": "0505/122202", "correlationVector":"vRjhaOY4og3nD8VQ2AKDkU.75","action":"GetUpdates", "result":"DeleteReceived", "context":{"id":"2e9b0a6e-f7f4-4c52-abbf-c219d32f6967", "isDeleted:":"true", "version":"1680929007021"}}
{"logTime": "0505/122202", "correlationVector":"vRjhaOY4og3nD8VQ2AKDkU.76","action":"GetUpdates", "result":"DeleteReceived", "context":{"id":"a9969dad-3f69-42fd-9216-1112fc98fb40", "isDeleted:":"true", "version":"1680933460377"}}
{"logTime": "0505/122202", "correlationVector":"vRjhaOY4og3nD8VQ2AKDkU.77","action":"GetUpdates", "result":"DeleteReceived", "context":{"id":"d63a9388-a0ab-4b75-b0d3-f880311e470e", "isDeleted:":"true", "version":"1680933460379"}}
{"logTime": "0505/122202", "correlationVector":"vRjhaOY4og3nD8VQ2AKDkU.78","action":"GetUpdates", "result":"DeleteReceived", "context":{"id":"2d756846-b708-4c67-8961-75b26a49ff0d", "isDeleted:":"true", "version":"1681063454338"}}
{"logTime": "0505/122202", "correlationVector":"vRjhaOY4og3nD8VQ2AKDkU.79","action":"GetUpdates", "result":"DeleteReceived", "context":{"id":"e3478267-1528-4ca2-b57f-c528c277f0f8", "isDeleted:":"true", "version":"1681063454341"}}
{"logTime": "0505/122202", "correlationVector":"vRjhaOY4og3nD8VQ2AKDkU.80","action":"GetUpdates", "result":"DeleteReceived", "context":{"id":"50f2b14b-9e9b-43b7-9e19-4735468f66cb", "isDeleted:":"true", "version":"1681064001346"}}
{"logTime": "0505/122202", "correlationVector":"vRjhaOY4og3nD8VQ2AKDkU.81","action":"GetUpdates", "result":"DeleteReceived", "context":{"id":"9f079c90-7826-43a4-9821-0834d671e22f", "isDeleted:":"true", "version":"1681066156075"}}
{"logTime": "0505/122202", "correlationVector":"vRjhaOY4og3nD8VQ2AKDkU.82","action":"GetUpdates", "result":"DeleteReceived", "context":{"id":"4e285e11-4659-4eef-a6e4-ce2faee84aa0", "isDeleted:":"true", "version":"1681068119481"}}
{"logTime": "0505/122202", "correlationVector":"vRjhaOY4og3nD8VQ2AKDkU.83","action":"GetUpdates", "result":"DeleteReceived", "context":{"id":"ab3fcb2e-a113-41a2-9272-ff31f40f145c", "isDeleted:":"true", "version":"1681072584826"}}
{"logTime": "0505/122202", "correlationVector":"vRjhaOY4og3nD8VQ2AKDkU.84","action":"GetUpdates", "result":"DeleteReceived", "context":{"id":"2acf7c5f-32ea-4124-ab64-62da58d1eec5", "isDeleted:":"true", "version":"1681072584828"}}
{"logTime": "0505/122202", "correlationVector":"vRjhaOY4og3nD8VQ2AKDkU.85","action":"GetUpdates", "result":"DeleteReceived", "context":{"id":"1e4e4fad-2693-46ac-a249-42298237cba6", "isDeleted:":"true", "version":"1681325945222"}}
{"logTime": "0505/122202", "correlationVector":"vRjhaOY4og3nD8VQ2AKDkU.86","action":"GetUpdates", "result":"DeleteReceived", "context":{"id":"cba79f20-c311-4a7e-a42a-364cf855de97", "isDeleted:":"true", "version":"1681325945223"}}
{"logTime": "0505/122202", "correlationVector":"vRjhaOY4og3nD8VQ2AKDkU.87","action":"GetUpdates", "result":"DeleteReceived", "context":{"id":"bc6d79f3-53ce-4bde-a474-48a0e1870f35", "isDeleted:":"true", "version":"1681325945224"}}
{"logTime": "0505/122202", "correlationVector":"vRjhaOY4og3nD8VQ2AKDkU.88","action":"GetUpdates", "result":"DeleteReceived", "context":{"id":"075d1ddb-d623-4242-a567-847bc1f6bcb7", "isDeleted:":"true", "version":"1681467319278"}}
{"logTime": "0505/122202", "correlationVector":"vRjhaOY4og3nD8VQ2AKDkU.89","action":"GetUpdates", "result":"DeleteReceived", "context":{"id":"e55a5d93-27d8-492e-8a59-7e4584c2b22d", "isDeleted:":"true", "version":"1681494014317"}}
{"logTime": "0505/122202", "correlationVector":"vRjhaOY4og3nD8VQ2AKDkU.90","action":"GetUpdates", "result":"DeleteReceived", "context":{"id":"0f85fde4-8982-41a1-8fc4-0fbcaf841c43", "isDeleted:":"true", "version":"1681559975060"}}
{"logTime": "0505/122202", "correlationVector":"vRjhaOY4og3nD8VQ2AKDkU.91","action":"GetUpdates", "result":"DeleteReceived", "context":{"id":"b60473ef-da52-4fb2-b819-4ff1350ac6b2", "isDeleted:":"true", "version":"1681559975061"}}
{"logTime": "0505/122202", "correlationVector":"vRjhaOY4og3nD8VQ2AKDkU.92","action":"GetUpdates", "result":"DeleteReceived", "context":{"id":"4294366b-5e34-42d4-b0e5-78dccc356248", "isDeleted:":"true", "version":"1681559975063"}}
{"logTime": "0505/122202", "correlationVector":"vRjhaOY4og3nD8VQ2AKDkU.93","action":"GetUpdates", "result":"DeleteReceived", "context":{"id":"ff365f61-2924-46a5-b952-61e813fffd28", "isDeleted:":"true", "version":"1681559975064"}}
{"logTime": "0505/122202", "correlationVector":"vRjhaOY4og3nD8VQ2AKDkU.94","action":"GetUpdates", "result":"DeleteReceived", "context":{"id":"56759a25-22df-4a67-b19f-293ca398b421", "isDeleted:":"true", "version":"1681559975065"}}
{"logTime": "0505/122202", "correlationVector":"vRjhaOY4og3nD8VQ2AKDkU.95","action":"GetUpdates", "result":"DeleteReceived", "context":{"id":"e0e9c3ea-b50c-462d-894b-e427bbae705f", "isDeleted:":"true", "version":"1681560833405"}}
{"logTime": "0505/122202", "correlationVector":"vRjhaOY4og3nD8VQ2AKDkU.96","action":"GetUpdates", "result":"DeleteReceived", "context":{"id":"3ae2b847-0bbf-49dc-a82d-d623ca5a7afb", "isDeleted:":"true", "version":"1681560866924"}}
{"logTime": "0505/122202", "correlationVector":"vRjhaOY4og3nD8VQ2AKDkU.97","action":"GetUpdates", "result":"DeleteReceived", "context":{"id":"4dbf4314-9d9b-4fab-b0a7-2c4f1b3712bb", "isDeleted:":"true", "version":"1681572085673"}}
{"logTime": "0505/122202", "correlationVector":"vRjhaOY4og3nD8VQ2AKDkU.98","action":"GetUpdates", "result":"DeleteReceived", "context":{"id":"125292cd-6b5f-414a-86e2-7a357c009c9e", "isDeleted:":"true", "version":"1681807460014"}}
{"logTime": "0505/122202", "correlationVector":"vRjhaOY4og3nD8VQ2AKDkU.99","action":"GetUpdates", "result":"DeleteReceived", "context":{"id":"0fc0b36a-0426-4900-a10e-1e051f68ef8c", "isDeleted:":"true", "version":"1681811767284"}}
{"logTime": "0505/122202", "correlationVector":"vRjhaOY4og3nD8VQ2AKDkU.100","action":"GetUpdates", "result":"DeleteReceived", "context":{"id":"2a855676-7a09-4321-becc-e16cae433868", "isDeleted:":"true", "version":"1681819465715"}}
{"logTime": "0505/122202", "correlationVector":"vRjhaOY4og3nD8VQ2AKDkU.101","action":"GetUpdates", "result":"DeleteReceived", "context":{"id":"11fc9df0-1264-4377-a866-69417a132ed9", "isDeleted:":"true", "version":"1681885420826"}}
{"logTime": "0505/122202", "correlationVector":"vRjhaOY4og3nD8VQ2AKDkU.102","action":"GetUpdates", "result":"DeleteReceived", "context":{"id":"8c3ef4b0-e8b1-42ab-99bc-aed6333c30bc", "isDeleted:":"true", "version":"1681885420827"}}
{"logTime": "0505/122202", "correlationVector":"vRjhaOY4og3nD8VQ2AKDkU.103","action":"GetUpdates", "result":"DeleteReceived", "context":{"id":"6e32816c-0cff-40cc-a291-024cf447dc42", "isDeleted:":"true", "version":"1681887133138"}}
{"logTime": "0505/122202", "correlationVector":"vRjhaOY4og3nD8VQ2AKDkU.104","action":"GetUpdates", "result":"DeleteReceived", "context":{"id":"c0abe031-02d2-4c3e-9376-49210c6c7997", "isDeleted:":"true", "version":"1681887166464"}}
{"logTime": "0505/122202", "correlationVector":"vRjhaOY4og3nD8VQ2AKDkU.105","action":"GetUpdates", "result":"DeleteReceived", "context":{"id":"49ab92e9-524c-4561-b749-60dfea52195a", "isDeleted:":"true", "version":"1681887166465"}}
{"logTime": "0505/122202", "correlationVector":"vRjhaOY4og3nD8VQ2AKDkU.106","action":"GetUpdates", "result":"DeleteReceived", "context":{"id":"770e2642-0b65-48b8-84ad-57dde8f2f7c4", "isDeleted:":"true", "version":"1681887343991"}}
{"logTime": "0505/122202", "correlationVector":"vRjhaOY4og3nD8VQ2AKDkU.107","action":"GetUpdates", "result":"DeleteReceived", "context":{"id":"93541d73-d8dc-4ec1-b733-f5b64c5745c9", "isDeleted:":"true", "version":"1681887343993"}}
{"logTime": "0505/122202", "correlationVector":"vRjhaOY4og3nD8VQ2AKDkU.108","action":"GetUpdates", "result":"DeleteReceived", "context":{"id":"f963fcc1-b5f9-4905-af39-b12d1bf6af40", "isDeleted:":"true", "version":"1681895577757"}}
{"logTime": "0505/122202", "correlationVector":"vRjhaOY4og3nD8VQ2AKDkU.109","action":"GetUpdates", "result":"DeleteReceived", "context":{"id":"73894f51-69fc-4ae8-8ee6-330459a04cc5", "isDeleted:":"true", "version":"1681904386517"}}
{"logTime": "0505/122202", "correlationVector":"vRjhaOY4og3nD8VQ2AKDkU.110","action":"GetUpdates", "result":"DeleteReceived", "context":{"id":"3f3a2ec1-5615-47ce-91fd-693c8d05325a", "isDeleted:":"true", "version":"1681983434252"}}
{"logTime": "0505/122202", "correlationVector":"vRjhaOY4og3nD8VQ2AKDkU.111","action":"GetUpdates", "result":"DeleteReceived", "context":{"id":"635a0c0f-ecd2-46a8-a166-98b4cbb6645d", "isDeleted:":"true", "version":"1681983882785"}}
{"logTime": "0505/122202", "correlationVector":"vRjhaOY4og3nD8VQ2AKDkU.112","action":"GetUpdates", "result":"DeleteReceived", "context":{"id":"65be98a8-443c-499d-9c8b-7a80161f3b94", "isDeleted:":"true", "version":"1681992596868"}}
{"logTime": "0505/122202", "correlationVector":"vRjhaOY4og3nD8VQ2AKDkU.113","action":"GetUpdates", "result":"DeleteReceived", "context":{"id":"36f51dea-433f-40e4-a1ff-fdb6192b7021", "isDeleted:":"true", "version":"1681992596870"}}
{"logTime": "0505/122202", "correlationVector":"vRjhaOY4og3nD8VQ2AKDkU.114","action":"GetUpdates", "result":"DeleteReceived", "context":{"id":"6e20a1bf-fe19-4e36-a084-8c5beafbd700", "isDeleted:":"true", "version":"1681995624328"}}
{"logTime": "0505/122202", "correlationVector":"vRjhaOY4og3nD8VQ2AKDkU.115","action":"GetUpdates", "result":"DeleteReceived", "context":{"id":"a4fe4468-75e8-4e50-b87d-8e2a45295db2", "isDeleted:":"true", "version":"1682104065290"}}
{"logTime": "0505/122202", "correlationVector":"vRjhaOY4og3nD8VQ2AKDkU.116","action":"GetUpdates", "result":"DeleteReceived", "context":{"id":"f8f3444e-3ee0-4d25-83ea-3aef3d402084", "isDeleted:":"true", "version":"1682104523324"}}
{"logTime": "0505/122202", "correlationVector":"vRjhaOY4og3nD8VQ2AKDkU.117","action":"GetUpdates", "result":"DeleteReceived", "context":{"id":"e2a41846-0292-4dd9-8d20-5ac13e2498e7", "isDeleted:":"true", "version":"1682108421019"}}
{"logTime": "0505/122202", "correlationVector":"vRjhaOY4og3nD8VQ2AKDkU.118","action":"GetUpdates", "result":"DeleteReceived", "context":{"id":"65fb9548-9791-4f0e-8cee-25bf0bcb8737", "isDeleted:":"true", "version":"1682157639056"}}
{"logTime": "0505/122202", "correlationVector":"vRjhaOY4og3nD8VQ2AKDkU.119","action":"GetUpdates", "result":"DeleteReceived", "context":{"id":"cd4a5bbd-5b0d-48b4-b128-0abd569f04d8", "isDeleted:":"true", "version":"1682247247966"}}
{"logTime": "0505/122202", "correlationVector":"vRjhaOY4og3nD8VQ2AKDkU.120","action":"GetUpdates", "result":"DeleteReceived", "context":{"id":"cc4c55ca-f2e5-473b-93b9-4d29d802ca37", "isDeleted:":"true", "version":"1682273885387"}}
{"logTime": "0505/122202", "correlationVector":"vRjhaOY4og3nD8VQ2AKDkU.121","action":"GetUpdates", "result":"DeleteReceived", "context":{"id":"a082cce9-6f7b-4a26-bb26-8da567128f2f", "isDeleted:":"true", "version":"1682275297337"}}
{"logTime": "0505/122202", "correlationVector":"vRjhaOY4og3nD8VQ2AKDkU.122","action":"GetUpdates", "result":"DeleteReceived", "context":{"id":"98a55eb6-9caa-4097-b6f6-87255d60968e", "isDeleted:":"true", "version":"1682411886971"}}
{"logTime": "0505/122202", "correlationVector":"vRjhaOY4og3nD8VQ2AKDkU.123","action":"GetUpdates", "result":"DeleteReceived", "context":{"id":"8f04c7db-bf55-4c2f-80cb-4e74bcf5408d", "isDeleted:":"true", "version":"1682489061930"}}
{"logTime": "0505/122202", "correlationVector":"vRjhaOY4og3nD8VQ2AKDkU.124","action":"GetUpdates", "result":"DeleteReceived", "context":{"id":"0619eed2-d9a3-447c-be56-3b58bd913f23", "isDeleted:":"true", "version":"1682501104744"}}
{"logTime": "0505/122202", "correlationVector":"vRjhaOY4og3nD8VQ2AKDkU.125","action":"GetUpdates", "result":"DeleteReceived", "context":{"id":"382e13f4-6b23-4889-b1a4-09daefc57076", "isDeleted:":"true", "version":"1682503883852"}}
{"logTime": "0505/122202", "correlationVector":"vRjhaOY4og3nD8VQ2AKDkU.126","action":"GetUpdates", "result":"DeleteReceived", "context":{"id":"7fa5a493-2fdc-41cb-91a5-13284bd13eeb", "isDeleted:":"true", "version":"1682503883854"}}
{"logTime": "0505/122202", "correlationVector":"vRjhaOY4og3nD8VQ2AKDkU.127","action":"GetUpdates", "result":"DeleteReceived", "context":{"id":"97f317a0-8ebc-48a5-a5dd-8008a08a9915", "isDeleted:":"true", "version":"1682582561792"}}
{"logTime": "0505/122202", "correlationVector":"vRjhaOY4og3nD8VQ2AKDkU.128","action":"GetUpdates", "result":"DeleteReceived", "context":{"id":"02b317c4-6fe4-4fc9-a45b-cdbcd159b3d7", "isDeleted:":"true", "version":"1682582774455"}}
{"logTime": "0505/122202", "correlationVector":"vRjhaOY4og3nD8VQ2AKDkU.129","action":"GetUpdates", "result":"DeleteReceived", "context":{"id":"d4de989a-243d-405c-a3cc-02169e8e9b59", "isDeleted:":"true", "version":"1682582774458"}}
{"logTime": "0505/122202", "correlationVector":"vRjhaOY4og3nD8VQ2AKDkU.130","action":"GetUpdates", "result":"DeleteReceived", "context":{"id":"c7669277-85f4-4a79-bde3-ffddbee2124c", "isDeleted:":"true", "version":"1682583040996"}}
{"logTime": "0505/122202", "correlationVector":"vRjhaOY4og3nD8VQ2AKDkU.131","action":"GetUpdates", "result":"DeleteReceived", "context":{"id":"ee777fb3-0085-4687-ba34-346c0c821631", "isDeleted:":"true", "version":"1682583040998"}}
{"logTime": "0505/122202", "correlationVector":"vRjhaOY4og3nD8VQ2AKDkU.132","action":"GetUpdates", "result":"DeleteReceived", "context":{"id":"61291626-f334-4a6c-bb7a-f5e69a029c6c", "isDeleted:":"true", "version":"1682584616523"}}
{"logTime": "0505/122202", "correlationVector":"vRjhaOY4og3nD8VQ2AKDkU.133","action":"GetUpdates", "result":"DeleteReceived", "context":{"id":"5f7a1683-4810-49fb-a54b-26d447ba234f", "isDeleted:":"true", "version":"1682589820100"}}
{"logTime": "0505/122202", "correlationVector":"vRjhaOY4og3nD8VQ2AKDkU.134","action":"GetUpdates", "result":"DeleteReceived", "context":{"id":"08095115-75f5-49f6-a757-d85d0e0ffbef", "isDeleted:":"true", "version":"1682618332338"}}
{"logTime": "0505/122202", "correlationVector":"vRjhaOY4og3nD8VQ2AKDkU.135","action":"GetUpdates", "result":"DeleteReceived", "context":{"id":"18d9dd8d-fb58-4539-be6b-16e86c72f30c", "isDeleted:":"true", "version":"1682767608640"}}
{"logTime": "0505/122202", "correlationVector":"vRjhaOY4og3nD8VQ2AKDkU.136","action":"GetUpdates", "result":"DeleteReceived", "context":{"id":"d1041844-a095-41c1-afbc-d24e493ed6bb", "isDeleted:":"true", "version":"1682795962041"}}
{"logTime": "0505/122202", "correlationVector":"vRjhaOY4og3nD8VQ2AKDkU.137","action":"GetUpdates", "result":"DeleteReceived", "context":{"id":"7679a1f9-86d8-4d66-ac00-790a30536bfc", "isDeleted:":"true", "version":"1682796030136"}}
{"logTime": "0505/122202", "correlationVector":"vRjhaOY4og3nD8VQ2AKDkU.138","action":"GetUpdates", "result":"DeleteReceived", "context":{"id":"846efd05-81b3-4f0c-a53a-861a09e8de87", "isDeleted:":"true", "version":"1682796234336"}}
{"logTime": "0505/122202", "correlationVector":"vRjhaOY4og3nD8VQ2AKDkU.139","action":"GetUpdates", "result":"DeleteReceived", "context":{"id":"9f38155f-1aa5-4c85-b295-a4c9171d659a", "isDeleted:":"true", "version":"1682797767612"}}
{"logTime": "0505/122202", "correlationVector":"vRjhaOY4og3nD8VQ2AKDkU.140","action":"GetUpdates", "result":"DeleteReceived", "context":{"id":"7ffc0377-5fd2-4477-a938-33a9b27f09c0", "isDeleted:":"true", "version":"1683025037372"}}
{"logTime": "0505/122202", "correlationVector":"vRjhaOY4og3nD8VQ2AKDkU.141","action":"GetUpdates", "result":"DeleteReceived", "context":{"id":"1ba5874c-a07d-45a4-9ec1-2de30ab4a9fa", "isDeleted:":"true", "version":"1683090372782"}}
{"logTime": "0505/122202", "correlationVector":"vRjhaOY4og3nD8VQ2AKDkU.142","action":"GetUpdates", "result":"DeleteReceived", "context":{"id":"01bd5245-15cd-4009-8182-c0af415f1519", "isDeleted:":"true", "version":"1683107866658"}}
{"logTime": "0505/122202", "correlationVector":"vRjhaOY4og3nD8VQ2AKDkU.143","action":"GetUpdates", "result":"DeleteReceived", "context":{"id":"dbe7d6b7-a3a2-4146-9826-a1a2fdd9f113", "isDeleted:":"true", "version":"1683108036236"}}
{"logTime": "0505/122202", "correlationVector":"vRjhaOY4og3nD8VQ2AKDkU.144","action":"GetUpdates", "result":"DeleteReceived", "context":{"id":"a3fe9c1b-7e69-45bb-bef2-daf668a65428", "isDeleted:":"true", "version":"1683108402940"}}
{"logTime": "0505/122202", "correlationVector":"vRjhaOY4og3nD8VQ2AKDkU.145","action":"GetUpdates", "result":"DeleteReceived", "context":{"id":"b369e2e8-396f-4f26-8f4c-718ab71c239c", "isDeleted:":"true", "version":"1683110495182"}}
{"logTime": "0505/122202", "correlationVector":"vRjhaOY4og3nD8VQ2AKDkU.146","action":"GetUpdates", "result":"DeleteReceived", "context":{"id":"93bb1c79-e1ba-443e-8f57-cae8fbfc6af4", "isDeleted:":"true", "version":"1683234183916"}}
{"logTime": "0505/122202", "correlationVector":"vRjhaOY4og3nD8VQ2AKDkU.147","action":"GetUpdates", "result":"DeleteReceived", "context":{"id":"807eef93-ee43-4452-9fd6-1382cfdba468", "isDeleted:":"true", "version":"1683234183919"}}
{"logTime": "0505/122202", "correlationVector":"vRjhaOY4og3nD8VQ2AKDkU.148","action":"GetUpdates", "result":"DeleteReceived", "context":{"id":"5cd0aded-ad6a-4baf-8a22-c140a7bd6a21", "isDeleted:":"true", "version":"1683277166952"}}
{"logTime": "0505/122202", "correlationVector":"vRjhaOY4og3nD8VQ2AKDkU.149","action":"GetUpdates", "result":"DeleteReceived", "context":{"id":"2974d121-3f8e-42ff-b955-431ae3ad02c4", "isDeleted:":"true", "version":"1683277229750"}}
{"logTime": "0505/122202", "correlationVector":"vRjhaOY4og3nD8VQ2AKDkU.150","action":"GetUpdates", "result":"DeleteReceived", "context":{"id":"d9848048-bcd1-4354-995d-b63bef95910c", "isDeleted:":"true", "version":"1683279968267"}}
{"logTime": "0505/122202", "correlationVector":"vRjhaOY4og3nD8VQ2AKDkU.151","action":"GetUpdates", "result":"DeleteReceived", "context":{"id":"01e347b0-11ba-4316-97c7-561a7e8eb3e7", "isDeleted:":"true", "version":"1683280306147"}}
{"logTime": "0505/122202", "correlationVector":"vRjhaOY4og3nD8VQ2AKDkU.152","action":"GetUpdates", "result":"DeleteReceived", "context":{"id":"bcead193-1c49-4a90-b2a2-57834eeba1b3", "isDeleted:":"true", "version":"1683280475330"}}
{"logTime": "0505/122202", "correlationVector":"vRjhaOY4og3nD8VQ2AKDkU.153","action":"GetUpdates", "result":"DeleteReceived", "context":{"id":"22cceb51-f8be-40b7-b74c-d781ee0d2df3", "isDeleted:":"true", "version":"1683283049110"}}
{"logTime": "0505/122202", "correlationVector":"vRjhaOY4og3nD8VQ2AKDkU.154","action":"GetUpdates", "result":"DeleteReceived", "context":{"id":"30f8a016-cc9b-4b98-a203-0ca28c6bb32f", "isDeleted:":"true", "version":"1683283202490"}}
{"logTime": "0505/122202", "correlationVector":"vRjhaOY4og3nD8VQ2AKDkU.155","action":"GetUpdates", "result":"DeleteReceived", "context":{"id":"c4d27cb2-312d-4f4e-ad61-1017a3a6c6f3", "isDeleted:":"true", "version":"1683283202492"}}
{"logTime": "0505/122202", "correlationVector":"vRjhaOY4og3nD8VQ2AKDkU.156","action":"GetUpdates", "result":"DeleteReceived", "context":{"id":"3961cedb-0332-4bea-8d03-08096919d5b8", "isDeleted:":"true", "version":"1683283251703"}}
{"logTime": "0505/122202", "correlationVector":"vRjhaOY4og3nD8VQ2AKDkU.157","action":"GetUpdates", "result":"DeleteReceived", "context":{"id":"97fda6d7-f540-4424-aadd-826b75e1a12c", "isDeleted:":"true", "version":"1683284705894"}}
{"logTime": "0505/122202", "correlationVector":"vRjhaOY4og3nD8VQ2AKDkU.158","action":"GetUpdates", "result":"DeleteReceived", "context":{"id":"d52d78e6-28d2-4464-bd01-5dfeb36e2f10", "isDeleted:":"true", "version":"1683289033415"}}
{"logTime": "0505/122202", "correlationVector":"vRjhaOY4og3nD8VQ2AKDkU.159","action":"GetUpdates", "result":"DeleteReceived", "context":{"id":"c64ebb81-fd54-434a-90c4-07f943056ca3", "isDeleted:":"true", "version":"1683289308851"}}
{"logTime": "0505/122202", "correlationVector":"vRjhaOY4og3nD8VQ2AKDkU.160","action":"GetUpdates Response", "result":"SYNCER_OK", "context":Received 183 update(s). cV=vRjhaOY4og3nD8VQ2AKDkU.0;server=GENERAL0100001I;cloudType=Consumer;environment=Prod_SoutheastAsia_000j;migrationStage=NotStarted}
{"logTime": "0505/122202", "correlationVector":"Lf4mUtTs4bUCJafrJte9CF","action":"Commit Request", "result":"", "context":Item count: 1
Contributing types: Sessions}
{"logTime": "0505/122202", "correlationVector":"Lf4mUtTs4bUCJafrJte9CF.1","action":"SyncServerConnectionManagerRequest", "result":"SYNC_SERVER_OK", "context":{"environment":"Prod_SoutheastAsia_000j", "migrationStage":"NotStarted", "server":"GENERAL01000010"}}
{"logTime": "0505/122202", "correlationVector":"Lf4mUtTs4bUCJafrJte9CF.2","action":"Commit Response", "result":"SYNCER_OK", "context":Result: SYNCER_OK. cV=Lf4mUtTs4bUCJafrJte9CF.0;server=GENERAL01000010;cloudType=Consumer;environment=Prod_SoutheastAsia_000j;migrationStage=NotStarted}
{"logTime": "0505/122202", "correlationVector":"Fap8h2ZyiYehzFvMV6xktF","action":"Initial GetUpdates", "result":"", "context":Reason: NEWLY_SUPPORTED_DATATYPE. cV=Fap8h2ZyiYehzFvMV6xktF}
{"logTime": "0505/122203", "correlationVector":"Fap8h2ZyiYehzFvMV6xktF.1","action":"SyncServerConnectionManagerRequest", "result":"SYNC_SERVER_OK", "context":{"environment":"Prod_SoutheastAsia_000j", "migrationStage":"NotStarted", "server":"general0100001G"}}
{"logTime": "0505/122203", "correlationVector":"Fap8h2ZyiYehzFvMV6xktF.2","action":"GetUpdates Response", "result":"SYNCER_OK", "context":Received 12 update(s). cV=Fap8h2ZyiYehzFvMV6xktF.0;server=general0100001G;cloudType=Consumer;environment=Prod_SoutheastAsia_000j;migrationStage=NotStarted}
{"logTime": "0505/122203", "correlationVector":"SGgNlUyHQxam3C4qZHd+NG","action":"Normal GetUpdate request", "result":"", "context":cV=SGgNlUyHQxam3C4qZHd+NG
Nudged types: Sessions
Refresh requested types: Bookmarks, Preferences, Passwords, Autofill Profiles, Autofill, Autofill Custom Data, Typed URLs, Extensions, Sessions, Extension settings, History Delete Directives, Device Info, User Consents, Send Tab To Self, Web Apps, Collection, Edge E Drop, Encryption Keys}
{"logTime": "0505/122203", "correlationVector":"SGgNlUyHQxam3C4qZHd+NG.1","action":"SyncServerConnectionManagerRequest", "result":"SYNC_SERVER_OK", "context":{"environment":"Prod_SoutheastAsia_000j", "migrationStage":"NotStarted", "server":"GENERAL0100000D"}}
{"logTime": "0505/122203", "correlationVector":"SGgNlUyHQxam3C4qZHd+NG.2","action":"GetUpdates Response", "result":"SYNCER_OK", "context":Received 1 update(s). cV=SGgNlUyHQxam3C4qZHd+NG.0;server=GENERAL0100000D;cloudType=Consumer;environment=Prod_SoutheastAsia_000j;migrationStage=NotStarted}
